Failure pred model 2, started at Fri Jul 16 01:00:01 UTC 2021
Failure pred model 2, ended at Fri Jul 16 01:00:01 UTC 2021
Failure pred model 2, started at Fri Jul 16 07:22:16 UTC 2021
Failure pred model 2, ended at Fri Jul 16 07:22:16 UTC 2021
Failure pred model 2, started at Fri Jul 16 07:24:42 UTC 2021
Failure pred model 2, ended at Fri Jul 16 07:32:14 UTC 2021
Failure pred model 2, started at Fri Jul 16 11:47:04 UTC 2021
Failure pred model 2, ended at Fri Jul 16 11:51:13 UTC 2021
Failure pred model 2, started at Sat Jul 17 01:00:01 UTC 2021
Failure pred model 2, ended at Sat Jul 17 01:05:22 UTC 2021
Failure pred model 2, started at Sun Jul 18 01:00:01 UTC 2021
Failure pred model 2, ended at Sun Jul 18 01:07:17 UTC 2021
Failure pred model 2, started at Mon Jul 19 01:00:01 UTC 2021
Failure pred model 2, ended at Mon Jul 19 01:16:02 UTC 2021
Failure pred model 2, started at Tue Jul 20 01:00:01 UTC 2021
Failure pred model 2, ended at Tue Jul 20 01:14:13 UTC 2021
Failure pred model 2, started at Wed Jul 21 01:00:01 UTC 2021
Failure pred model 2, ended at Wed Jul 21 01:11:22 UTC 2021
Failure pred model 2, started at Thu Jul 22 01:00:01 UTC 2021
Failure pred model 2, ended at Thu Jul 22 01:10:25 UTC 2021
Failure pred model 2, started at Fri Jul 23 01:00:01 UTC 2021
Failure pred model 2, ended at Fri Jul 23 01:07:35 UTC 2021
Failure pred model 2, started at Sat Jul 24 01:00:01 UTC 2021
Failure pred model 2, ended at Sat Jul 24 01:10:51 UTC 2021
Failure pred model 2, started at Sun Jul 25 01:00:01 UTC 2021
Failure pred model 2, ended at Sun Jul 25 01:09:58 UTC 2021
Failure pred model 2, started at Mon Jul 26 01:00:01 UTC 2021
Failure pred model 2, ended at Mon Jul 26 01:09:24 UTC 2021
Failure pred model 2, started at Tue Jul 27 01:00:01 UTC 2021
Failure pred model 2, ended at Tue Jul 27 01:15:54 UTC 2021
Failure pred model 2, started at Wed Jul 28 01:00:01 UTC 2021
Failure pred model 2, ended at Wed Jul 28 01:12:35 UTC 2021
Failure pred model 2, started at Thu Jul 29 01:00:01 UTC 2021
Failure pred model 2, ended at Thu Jul 29 01:12:52 UTC 2021
Failure pred model 2, started at Fri Jul 30 01:00:01 UTC 2021
Failure pred model 2, ended at Fri Jul 30 01:09:01 UTC 2021
Failure pred model 2, started at Sat Jul 31 01:00:01 UTC 2021
Failure pred model 2, ended at Sat Jul 31 01:07:28 UTC 2021
Failure pred model 2, started at Sun Aug  1 01:00:01 UTC 2021
Failure pred model 2, ended at Sun Aug  1 01:10:37 UTC 2021
Failure pred model 2, started at Mon Aug  2 01:00:01 UTC 2021
Failure pred model 2, ended at Mon Aug  2 01:11:34 UTC 2021
Failure pred model 2, started at Tue Aug  3 01:00:01 UTC 2021
Failure pred model 2, ended at Tue Aug  3 03:00:36 UTC 2021
Failure pred model 2, started at Wed Aug  4 01:00:01 UTC 2021
Failure pred model 2, ended at Wed Aug  4 01:07:10 UTC 2021
Failure pred model 2, started at Thu Aug  5 01:00:01 UTC 2021
Failure pred model 2, ended at Thu Aug  5 01:11:40 UTC 2021
Failure pred model 2, started at Fri Aug  6 01:00:01 UTC 2021
Failure pred model 2, ended at Fri Aug  6 01:11:33 UTC 2021
Failure pred model 2, started at Sat Aug  7 01:00:01 UTC 2021
Failure pred model 2, ended at Sat Aug  7 01:04:29 UTC 2021
Failure pred model 2, started at Sun Aug  8 01:00:01 UTC 2021
Failure pred model 2, ended at Sun Aug  8 01:01:19 UTC 2021
Failure pred model 2, started at Mon Aug  9 01:00:01 UTC 2021
Failure pred model 2, ended at Mon Aug  9 01:01:18 UTC 2021
Failure pred model 2, started at Tue Aug 10 01:00:01 UTC 2021
Failure pred model 2, ended at Tue Aug 10 01:01:20 UTC 2021
Failure pred model 2, started at Wed Aug 11 01:00:01 UTC 2021
Failure pred model 2, ended at Wed Aug 11 01:09:06 UTC 2021
Failure pred model 2, started at Thu Aug 12 01:00:01 UTC 2021
Failure pred model 2, ended at Thu Aug 12 01:11:26 UTC 2021
Failure pred model 2, started at Fri Aug 13 01:00:01 UTC 2021
Failure pred model 2, ended at Fri Aug 13 01:08:32 UTC 2021
Failure pred model 2, started at Sat Aug 14 01:00:01 UTC 2021
Failure pred model 2, ended at Sat Aug 14 01:07:07 UTC 2021
Failure pred model 2, started at Sun Aug 15 01:00:01 UTC 2021
Failure pred model 2, ended at Sun Aug 15 01:11:53 UTC 2021
Failure pred model 2, started at Mon Aug 16 01:00:01 UTC 2021
Failure pred model 2, ended at Mon Aug 16 01:11:30 UTC 2021
Failure pred model 2, started at Wed Aug 18 01:00:01 UTC 2021
Failure pred model 2, ended at Wed Aug 18 01:10:53 UTC 2021
Failure pred model 2, started at Thu Aug 19 01:00:01 UTC 2021
Failure pred model 2, ended at Thu Aug 19 01:07:24 UTC 2021
Failure pred model 2, started at Fri Aug 20 01:00:01 UTC 2021
Failure pred model 2, ended at Fri Aug 20 01:10:27 UTC 2021
Failure pred model 2, started at Sat Aug 21 01:00:01 UTC 2021
Failure pred model 2, ended at Sat Aug 21 01:09:37 UTC 2021
Failure pred model 2, started at Sun Aug 22 01:00:01 UTC 2021
Failure pred model 2, ended at Sun Aug 22 01:12:33 UTC 2021
Failure pred model 2, started at Mon Aug 23 01:00:01 UTC 2021
Failure pred model 2, ended at Mon Aug 23 01:06:52 UTC 2021
Failure pred model 2, started at Tue Aug 24 01:00:01 UTC 2021
Failure pred model 2, ended at Tue Aug 24 01:11:53 UTC 2021
Failure pred model 2, started at Wed Aug 25 01:00:01 UTC 2021
Failure pred model 2, ended at Wed Aug 25 01:09:09 UTC 2021
Failure pred model 2, started at Thu Aug 26 01:00:01 UTC 2021
Failure pred model 2, ended at Thu Aug 26 01:11:15 UTC 2021
Failure pred model 2, started at Fri Aug 27 01:00:01 UTC 2021
Failure pred model 2, ended at Fri Aug 27 01:06:49 UTC 2021
Failure pred model 2, started at Sat Aug 28 01:00:01 UTC 2021
Failure pred model 2, ended at Sat Aug 28 01:06:57 UTC 2021
Failure pred model 2, started at Sun Aug 29 01:00:01 UTC 2021
Failure pred model 2, ended at Sun Aug 29 01:12:37 UTC 2021
Failure pred model 2, started at Mon Aug 30 01:00:01 UTC 2021
Failure pred model 2, ended at Mon Aug 30 01:11:53 UTC 2021
Failure pred model 2, started at Tue Aug 31 01:00:01 UTC 2021
Failure pred model 2, ended at Tue Aug 31 01:12:07 UTC 2021
Failure pred model 2, started at Wed Sep  1 01:00:01 UTC 2021
Failure pred model 2, ended at Wed Sep  1 01:09:28 UTC 2021
Failure pred model 2, started at Thu Sep  2 01:00:01 UTC 2021
Failure pred model 2, ended at Thu Sep  2 01:09:47 UTC 2021
Failure pred model 2, started at Fri Sep  3 01:00:01 UTC 2021
Failure pred model 2, ended at Fri Sep  3 01:09:24 UTC 2021
Failure pred model 2, started at Sat Sep  4 01:00:01 UTC 2021
Failure pred model 2, ended at Sat Sep  4 01:06:54 UTC 2021
Failure pred model 2, started at Sun Sep  5 01:00:01 UTC 2021
Failure pred model 2, ended at Sun Sep  5 01:07:00 UTC 2021
Failure pred model 2, started at Mon Sep  6 01:00:01 UTC 2021
Failure pred model 2, ended at Mon Sep  6 01:07:01 UTC 2021
Failure pred model 2, started at Tue Sep  7 01:00:01 UTC 2021
Failure pred model 2, ended at Tue Sep  7 01:06:54 UTC 2021
Failure pred model 2, started at Wed Sep  8 01:00:01 UTC 2021
Failure pred model 2, ended at Wed Sep  8 01:09:10 UTC 2021
Failure pred model 2, started at Thu Sep  9 01:00:01 UTC 2021
Failure pred model 2, ended at Thu Sep  9 01:07:02 UTC 2021
Failure pred model 2, started at Fri Sep 10 01:00:01 UTC 2021
Failure pred model 2, ended at Fri Sep 10 01:07:01 UTC 2021
Failure pred model 2, started at Sat Sep 11 01:00:01 UTC 2021
Failure pred model 2, ended at Sat Sep 11 01:06:55 UTC 2021
Failure pred model 2, started at Sun Sep 12 01:00:01 UTC 2021
Failure pred model 2, ended at Sun Sep 12 01:07:02 UTC 2021
Failure pred model 2, started at Mon Sep 13 01:00:01 UTC 2021
Failure pred model 2, ended at Mon Sep 13 01:07:04 UTC 2021
Failure pred model 2, started at Tue Sep 14 01:00:01 UTC 2021
Failure pred model 2, ended at Tue Sep 14 01:06:57 UTC 2021
Failure pred model 2, started at Sat Sep 18 01:00:01 UTC 2021
Failure pred model 2, ended at Sat Sep 18 01:06:44 UTC 2021
Failure pred model 2, started at Sun Sep 19 01:00:01 UTC 2021
Failure pred model 2, ended at Sun Sep 19 01:06:52 UTC 2021
Failure pred model 2, started at Mon Sep 20 01:00:01 UTC 2021
Failure pred model 2, ended at Mon Sep 20 01:06:47 UTC 2021
Failure pred model 2, started at Thu Sep 30 01:00:02 UTC 2021
Failure pred model 2, ended at Thu Sep 30 01:07:04 UTC 2021
Failure pred model 2, started at Fri Oct  1 01:00:01 UTC 2021
Failure pred model 2, ended at Fri Oct  1 01:07:10 UTC 2021
Failure pred model 2, started at Sat Oct  2 01:00:01 UTC 2021
Failure pred model 2, ended at Sat Oct  2 01:06:53 UTC 2021
Failure pred model 2, started at Sun Oct  3 01:00:01 UTC 2021
Failure pred model 2, ended at Sun Oct  3 01:07:04 UTC 2021
Failure pred model 2, started at Mon Oct  4 01:00:01 UTC 2021
Failure pred model 2, ended at Mon Oct  4 01:07:11 UTC 2021
Failure pred model 2, started at Tue Oct  5 01:00:01 UTC 2021
Failure pred model 2, ended at Tue Oct  5 01:06:56 UTC 2021
Failure pred model 2, started at Wed Oct  6 01:00:01 UTC 2021
Failure pred model 2, ended at Wed Oct  6 01:06:57 UTC 2021
Failure pred model 2, started at Thu Oct  7 01:00:01 UTC 2021
Failure pred model 2, ended at Thu Oct  7 01:07:03 UTC 2021
Failure pred model 2, started at Fri Oct  8 01:00:01 UTC 2021
Failure pred model 2, ended at Fri Oct  8 01:06:56 UTC 2021
Failure pred model 2, started at Sat Oct  9 01:00:01 UTC 2021
Failure pred model 2, ended at Sat Oct  9 01:07:04 UTC 2021
Failure pred model 2, started at Sun Oct 10 01:00:01 UTC 2021
Failure pred model 2, ended at Sun Oct 10 01:07:03 UTC 2021
Failure pred model 2, started at Mon Oct 11 01:00:01 UTC 2021
Failure pred model 2, ended at Mon Oct 11 01:07:01 UTC 2021
Failure pred model 2, started at Tue Oct 12 01:00:01 UTC 2021
Failure pred model 2, ended at Tue Oct 12 01:11:27 UTC 2021
Failure pred model 2, started at Wed Oct 13 01:00:01 UTC 2021
Failure pred model 2, ended at Wed Oct 13 01:08:51 UTC 2021
Failure pred model 2, started at Thu Oct 14 01:00:01 UTC 2021
Failure pred model 2, ended at Thu Oct 14 01:08:01 UTC 2021
Failure pred model 2, started at Fri Oct 15 01:00:01 UTC 2021
Failure pred model 2, ended at Fri Oct 15 01:07:03 UTC 2021
Failure pred model 2, started at Sat Oct 16 01:00:01 UTC 2021
Failure pred model 2, ended at Sat Oct 16 01:06:48 UTC 2021
Failure pred model 2, started at Sun Oct 17 01:00:01 UTC 2021
Failure pred model 2, ended at Sun Oct 17 01:07:03 UTC 2021
Failure pred model 2, started at Mon Oct 18 01:00:01 UTC 2021
Failure pred model 2, ended at Mon Oct 18 01:05:09 UTC 2021
Failure pred model 2, started at Tue Oct 19 01:00:01 UTC 2021
Failure pred model 2, ended at Tue Oct 19 01:01:19 UTC 2021
Failure pred model 2, started at Wed Oct 20 01:00:01 UTC 2021
Failure pred model 2, ended at Wed Oct 20 01:04:23 UTC 2021
Failure pred model 2, started at Thu Oct 21 01:00:01 UTC 2021
Failure pred model 2, ended at Thu Oct 21 01:06:50 UTC 2021
Failure pred model 2, started at Fri Oct 22 01:00:01 UTC 2021
Failure pred model 2, ended at Fri Oct 22 01:07:01 UTC 2021
Failure pred model 2, started at Sat Oct 23 01:00:01 UTC 2021
Failure pred model 2, ended at Sat Oct 23 01:07:01 UTC 2021
Failure pred model 2, started at Sun Oct 24 01:00:01 UTC 2021
Failure pred model 2, ended at Sun Oct 24 01:06:47 UTC 2021
Failure pred model 2, started at Mon Oct 25 01:00:01 UTC 2021
Failure pred model 2, ended at Mon Oct 25 01:07:01 UTC 2021
Failure pred model 2, started at Tue Oct 26 01:00:01 UTC 2021
Failure pred model 2, ended at Tue Oct 26 01:06:24 UTC 2021
Failure pred model 2, started at Wed Oct 27 01:00:01 UTC 2021
Failure pred model 2, ended at Wed Oct 27 01:06:15 UTC 2021
Failure pred model 2, started at Thu Oct 28 01:00:01 UTC 2021
Failure pred model 2, ended at Thu Oct 28 01:06:05 UTC 2021
Failure pred model 2, started at Fri Oct 29 01:00:01 UTC 2021
Failure pred model 2, ended at Fri Oct 29 01:05:22 UTC 2021
Failure pred model 2, started at Sat Oct 30 01:00:01 UTC 2021
Failure pred model 2, ended at Sat Oct 30 01:06:19 UTC 2021
Failure pred model 2, started at Sun Oct 31 01:00:01 UTC 2021
Failure pred model 2, ended at Sun Oct 31 01:06:02 UTC 2021
Failure pred model 2, started at Mon Nov  1 01:00:01 UTC 2021
Failure pred model 2, ended at Mon Nov  1 01:06:25 UTC 2021
Failure pred model 2, started at Tue Nov  2 01:00:01 UTC 2021
Failure pred model 2, ended at Tue Nov  2 01:06:40 UTC 2021
Failure pred model 2, started at Wed Nov  3 01:00:01 UTC 2021
Failure pred model 2, ended at Wed Nov  3 01:06:53 UTC 2021
Failure pred model 2, started at Thu Nov  4 01:00:01 UTC 2021
Failure pred model 2, ended at Thu Nov  4 01:06:40 UTC 2021
Failure pred model 2, started at Fri Nov  5 01:00:01 UTC 2021
Failure pred model 2, ended at Fri Nov  5 01:06:49 UTC 2021
Failure pred model 2, started at Sat Nov  6 01:00:01 UTC 2021
Failure pred model 2, ended at Sat Nov  6 01:05:46 UTC 2021
Failure pred model 2, started at Sun Nov  7 01:00:01 UTC 2021
Failure pred model 2, ended at Sun Nov  7 01:06:44 UTC 2021
Failure pred model 2, started at Mon Nov  8 01:00:01 UTC 2021
Failure pred model 2, ended at Mon Nov  8 01:06:47 UTC 2021
Failure pred model 2, started at Tue Nov  9 01:00:01 UTC 2021
Failure pred model 2, ended at Tue Nov  9 01:06:49 UTC 2021
Failure pred model 2, started at Wed Nov 10 01:00:01 UTC 2021
Failure pred model 2, ended at Wed Nov 10 01:06:06 UTC 2021
Failure pred model 2, started at Thu Nov 11 01:00:01 UTC 2021
Failure pred model 2, ended at Thu Nov 11 01:06:26 UTC 2021
Failure pred model 2, started at Fri Nov 12 01:00:01 UTC 2021
Failure pred model 2, ended at Fri Nov 12 01:04:19 UTC 2021
Failure pred model 2, started at Sat Nov 13 01:00:01 UTC 2021
Failure pred model 2, ended at Sat Nov 13 01:02:06 UTC 2021
Failure pred model 2, started at Sun Nov 14 01:00:01 UTC 2021
Failure pred model 2, ended at Sun Nov 14 01:03:03 UTC 2021
Failure pred model 2, started at Mon Nov 15 01:00:01 UTC 2021
Failure pred model 2, ended at Mon Nov 15 01:05:37 UTC 2021
Failure pred model 2, started at Tue Nov 16 01:00:01 UTC 2021
Failure pred model 2, ended at Tue Nov 16 01:06:43 UTC 2021
Failure pred model 2, started at Wed Nov 17 01:00:01 UTC 2021
Failure pred model 2, ended at Wed Nov 17 01:06:59 UTC 2021
Failure pred model 2, started at Thu Nov 18 01:00:01 UTC 2021
Failure pred model 2, ended at Thu Nov 18 01:06:01 UTC 2021
Failure pred model 2, started at Fri Nov 19 01:00:01 UTC 2021
Failure pred model 2, ended at Fri Nov 19 01:03:09 UTC 2021
Failure pred model 2, started at Sat Nov 20 01:00:01 UTC 2021
Failure pred model 2, ended at Sat Nov 20 01:05:04 UTC 2021
Failure pred model 2, started at Sun Nov 21 01:00:01 UTC 2021
Failure pred model 2, ended at Sun Nov 21 01:02:31 UTC 2021
Failure pred model 2, started at Mon Nov 22 01:00:01 UTC 2021
Failure pred model 2, ended at Mon Nov 22 01:03:48 UTC 2021
Failure pred model 2, started at Tue Nov 23 01:00:01 UTC 2021
Failure pred model 2, ended at Tue Nov 23 01:05:59 UTC 2021
Failure pred model 2, started at Wed Nov 24 01:00:01 UTC 2021
Failure pred model 2, ended at Wed Nov 24 01:04:36 UTC 2021
Failure pred model 2, started at Thu Nov 25 01:00:01 UTC 2021
Failure pred model 2, ended at Thu Nov 25 01:06:43 UTC 2021
Failure pred model 2, started at Fri Nov 26 01:00:01 UTC 2021
Failure pred model 2, ended at Fri Nov 26 01:05:40 UTC 2021
Failure pred model 2, started at Sat Nov 27 01:00:01 UTC 2021
Failure pred model 2, ended at Sat Nov 27 01:05:38 UTC 2021
Failure pred model 2, started at Sun Nov 28 01:00:01 UTC 2021
Failure pred model 2, ended at Sun Nov 28 01:03:52 UTC 2021
Failure pred model 2, started at Mon Nov 29 01:00:01 UTC 2021
Failure pred model 2, ended at Mon Nov 29 01:01:19 UTC 2021
Failure pred model 2, started at Tue Nov 30 01:00:01 UTC 2021
Failure pred model 2, ended at Tue Nov 30 01:02:40 UTC 2021
Failure pred model 2, started at Wed Dec  1 01:00:01 UTC 2021
Failure pred model 2, ended at Wed Dec  1 01:03:01 UTC 2021
Failure pred model 2, started at Thu Dec  2 01:00:01 UTC 2021
Failure pred model 2, ended at Thu Dec  2 01:05:33 UTC 2021
Failure pred model 2, started at Fri Dec  3 01:00:01 UTC 2021
Failure pred model 2, ended at Fri Dec  3 01:06:41 UTC 2021
Failure pred model 2, started at Sat Dec  4 01:00:01 UTC 2021
Failure pred model 2, ended at Sat Dec  4 01:06:33 UTC 2021
Failure pred model 2, started at Sun Dec  5 01:00:01 UTC 2021
Failure pred model 2, ended at Sun Dec  5 01:06:25 UTC 2021
Failure pred model 2, started at Mon Dec  6 01:00:01 UTC 2021
Failure pred model 2, ended at Mon Dec  6 01:06:30 UTC 2021
Failure pred model 2, started at Tue Dec  7 01:00:01 UTC 2021
Failure pred model 2, ended at Tue Dec  7 01:06:45 UTC 2021
Failure pred model 2, started at Wed Dec  8 01:00:01 UTC 2021
Failure pred model 2, ended at Wed Dec  8 01:06:25 UTC 2021
Failure pred model 2, started at Thu Dec  9 01:00:01 UTC 2021
Failure pred model 2, ended at Thu Dec  9 01:06:34 UTC 2021
Failure pred model 2, started at Fri Dec 10 01:00:01 UTC 2021
Failure pred model 2, ended at Fri Dec 10 01:06:32 UTC 2021
Failure pred model 2, started at Sat Dec 11 01:00:01 UTC 2021
Failure pred model 2, ended at Sat Dec 11 01:06:26 UTC 2021
Failure pred model 2, started at Sun Dec 12 01:00:01 UTC 2021
Failure pred model 2, ended at Sun Dec 12 01:06:32 UTC 2021
Failure pred model 2, started at Mon Dec 13 01:00:01 UTC 2021
Failure pred model 2, ended at Mon Dec 13 01:06:36 UTC 2021
Failure pred model 2, started at Tue Dec 14 01:00:01 UTC 2021
Failure pred model 2, ended at Tue Dec 14 01:06:39 UTC 2021
Failure pred model 2, started at Wed Dec 15 01:00:01 UTC 2021
Failure pred model 2, ended at Wed Dec 15 01:06:52 UTC 2021
Failure pred model 2, started at Thu Dec 16 01:00:01 UTC 2021
Failure pred model 2, ended at Thu Dec 16 01:06:40 UTC 2021
Failure pred model 2, started at Fri Dec 17 01:00:01 UTC 2021
Failure pred model 2, ended at Fri Dec 17 01:06:32 UTC 2021
Failure pred model 2, started at Sat Dec 18 01:00:01 UTC 2021
Failure pred model 2, ended at Sat Dec 18 01:06:44 UTC 2021
Failure pred model 2, started at Sun Dec 19 01:00:01 UTC 2021
Failure pred model 2, ended at Sun Dec 19 01:06:33 UTC 2021
Failure pred model 2, started at Mon Dec 20 01:00:01 UTC 2021
Failure pred model 2, ended at Mon Dec 20 01:06:39 UTC 2021
Failure pred model 2, started at Tue Dec 21 01:00:01 UTC 2021
Failure pred model 2, ended at Tue Dec 21 01:06:38 UTC 2021
Failure pred model 2, started at Wed Dec 22 01:00:01 UTC 2021
Failure pred model 2, ended at Wed Dec 22 01:06:54 UTC 2021
Failure pred model 2, started at Thu Dec 23 01:00:01 UTC 2021
Failure pred model 2, ended at Thu Dec 23 01:06:51 UTC 2021
Failure pred model 2, started at Fri Dec 24 01:00:01 UTC 2021
Failure pred model 2, ended at Fri Dec 24 01:06:29 UTC 2021
Failure pred model 2, started at Sat Dec 25 01:00:01 UTC 2021
Failure pred model 2, ended at Sat Dec 25 01:06:18 UTC 2021
Failure pred model 2, started at Sun Dec 26 01:00:01 UTC 2021
Failure pred model 2, ended at Sun Dec 26 01:06:35 UTC 2021
Failure pred model 2, started at Mon Dec 27 01:00:01 UTC 2021
Failure pred model 2, ended at Mon Dec 27 01:06:39 UTC 2021
Failure pred model 2, started at Tue Dec 28 01:00:01 UTC 2021
Failure pred model 2, ended at Tue Dec 28 01:06:42 UTC 2021
Failure pred model 2, started at Wed Dec 29 01:00:01 UTC 2021
Failure pred model 2, ended at Wed Dec 29 01:07:06 UTC 2021
Failure pred model 2, started at Thu Dec 30 01:00:01 UTC 2021
Failure pred model 2, ended at Thu Dec 30 01:06:52 UTC 2021
Failure pred model 2, started at Fri Dec 31 01:00:01 UTC 2021
Failure pred model 2, ended at Fri Dec 31 01:06:57 UTC 2021
Failure pred model 2, started at Sat Jan  1 01:00:01 UTC 2022
Failure pred model 2, ended at Sat Jan  1 01:06:45 UTC 2022
Failure pred model 2, started at Sun Jan  2 01:00:01 UTC 2022
Failure pred model 2, ended at Sun Jan  2 01:06:48 UTC 2022
Failure pred model 2, started at Mon Jan  3 01:00:01 UTC 2022
Failure pred model 2, ended at Mon Jan  3 01:06:46 UTC 2022
Failure pred model 2, started at Tue Jan  4 01:00:01 UTC 2022
Failure pred model 2, ended at Tue Jan  4 01:07:19 UTC 2022
Failure pred model 2, started at Wed Jan  5 01:00:01 UTC 2022
Failure pred model 2, ended at Wed Jan  5 01:07:35 UTC 2022
Failure pred model 2, started at Thu Jan  6 01:00:01 UTC 2022
Failure pred model 2, ended at Thu Jan  6 01:07:06 UTC 2022
Failure pred model 2, started at Fri Jan  7 01:00:01 UTC 2022
Failure pred model 2, ended at Fri Jan  7 01:06:50 UTC 2022
Failure pred model 2, started at Sat Jan  8 01:00:01 UTC 2022
Failure pred model 2, ended at Sat Jan  8 01:06:57 UTC 2022
Failure pred model 2, started at Sun Jan  9 01:00:01 UTC 2022
Failure pred model 2, ended at Sun Jan  9 01:06:49 UTC 2022
Failure pred model 2, started at Mon Jan 10 01:00:01 UTC 2022
Failure pred model 2, ended at Mon Jan 10 01:06:51 UTC 2022
Failure pred model 2, started at Tue Jan 11 01:00:01 UTC 2022
Failure pred model 2, ended at Tue Jan 11 01:06:56 UTC 2022
Failure pred model 2, started at Wed Jan 12 01:00:02 UTC 2022
Failure pred model 2, ended at Wed Jan 12 01:06:58 UTC 2022
Failure pred model 2, started at Thu Jan 13 01:00:01 UTC 2022
Failure pred model 2, ended at Thu Jan 13 01:06:57 UTC 2022
Failure pred model 2, started at Fri Jan 14 01:00:01 UTC 2022
Failure pred model 2, ended at Fri Jan 14 01:06:53 UTC 2022
Failure pred model 2, started at Sat Jan 15 01:00:01 UTC 2022
Failure pred model 2, ended at Sat Jan 15 01:07:01 UTC 2022
Failure pred model 2, started at Sun Jan 16 01:00:01 UTC 2022
Failure pred model 2, ended at Sun Jan 16 01:07:09 UTC 2022
Failure pred model 2, started at Mon Jan 17 01:00:01 UTC 2022
Failure pred model 2, ended at Mon Jan 17 01:07:06 UTC 2022
Failure pred model 2, started at Tue Jan 18 01:00:01 UTC 2022
Failure pred model 2, ended at Tue Jan 18 01:07:01 UTC 2022
Failure pred model 2, started at Wed Jan 19 01:00:01 UTC 2022
Failure pred model 2, ended at Wed Jan 19 01:07:04 UTC 2022
Failure pred model 2, started at Thu Jan 20 01:00:01 UTC 2022
Failure pred model 2, ended at Thu Jan 20 01:06:39 UTC 2022
Failure pred model 2, started at Fri Jan 21 01:00:01 UTC 2022
Failure pred model 2, ended at Fri Jan 21 01:06:47 UTC 2022
Failure pred model 2, started at Sat Jan 22 01:00:01 UTC 2022
Failure pred model 2, ended at Sat Jan 22 01:06:42 UTC 2022
Failure pred model 2, started at Sun Jan 23 01:00:01 UTC 2022
Failure pred model 2, ended at Sun Jan 23 01:07:01 UTC 2022
Failure pred model 2, started at Mon Jan 24 01:00:01 UTC 2022
Failure pred model 2, ended at Mon Jan 24 01:06:56 UTC 2022
Failure pred model 2, started at Tue Jan 25 01:00:01 UTC 2022
Failure pred model 2, ended at Tue Jan 25 01:07:03 UTC 2022
Failure pred model 2, started at Wed Jan 26 01:00:02 UTC 2022
Failure pred model 2, ended at Wed Jan 26 01:07:01 UTC 2022
Failure pred model 2, started at Thu Jan 27 01:00:01 UTC 2022
Failure pred model 2, ended at Thu Jan 27 01:06:33 UTC 2022
Failure pred model 2, started at Fri Jan 28 01:00:01 UTC 2022
Failure pred model 2, ended at Fri Jan 28 01:06:44 UTC 2022
Failure pred model 2, started at Sat Jan 29 01:00:01 UTC 2022
Failure pred model 2, ended at Sat Jan 29 01:06:45 UTC 2022
Failure pred model 2, started at Sun Jan 30 01:00:01 UTC 2022
Failure pred model 2, ended at Sun Jan 30 01:06:45 UTC 2022
Failure pred model 2, started at Mon Jan 31 01:00:01 UTC 2022
Failure pred model 2, ended at Mon Jan 31 01:06:46 UTC 2022
Failure pred model 2, started at Tue Feb  1 01:00:01 UTC 2022
Failure pred model 2, ended at Tue Feb  1 01:06:49 UTC 2022
Failure pred model 2, started at Wed Feb  2 01:00:01 UTC 2022
Failure pred model 2, ended at Wed Feb  2 01:06:47 UTC 2022
Failure pred model 2, started at Thu Feb  3 01:00:01 UTC 2022
Failure pred model 2, ended at Thu Feb  3 01:07:57 UTC 2022
Failure pred model 2, started at Fri Feb  4 01:00:01 UTC 2022
Failure pred model 2, ended at Fri Feb  4 01:06:42 UTC 2022
Failure pred model 2, started at Sat Feb  5 01:00:02 UTC 2022
Failure pred model 2, ended at Sat Feb  5 01:06:53 UTC 2022
Failure pred model 2, started at Sun Feb  6 01:00:01 UTC 2022
Failure pred model 2, ended at Sun Feb  6 01:06:50 UTC 2022
Failure pred model 2, started at Mon Feb  7 01:00:01 UTC 2022
Failure pred model 2, ended at Mon Feb  7 01:06:48 UTC 2022
Failure pred model 2, started at Tue Feb  8 01:00:01 UTC 2022
Failure pred model 2, ended at Tue Feb  8 01:07:23 UTC 2022
Failure pred model 2, started at Wed Feb  9 01:00:01 UTC 2022
Failure pred model 2, ended at Wed Feb  9 01:07:15 UTC 2022
Failure pred model 2, started at Thu Feb 10 01:00:01 UTC 2022
Failure pred model 2, ended at Thu Feb 10 01:06:22 UTC 2022
Failure pred model 2, started at Fri Feb 11 01:00:01 UTC 2022
Failure pred model 2, ended at Fri Feb 11 01:05:05 UTC 2022
Failure pred model 2, started at Sat Feb 12 01:00:01 UTC 2022
Failure pred model 2, ended at Sat Feb 12 01:04:49 UTC 2022
Failure pred model 2, started at Sun Feb 13 01:00:01 UTC 2022
Failure pred model 2, ended at Sun Feb 13 01:05:34 UTC 2022
Failure pred model 2, started at Mon Feb 14 01:00:01 UTC 2022
Failure pred model 2, ended at Mon Feb 14 01:01:30 UTC 2022
Failure pred model 2, started at Tue Feb 15 01:00:02 UTC 2022
Failure pred model 2, ended at Tue Feb 15 01:01:31 UTC 2022
Failure pred model 2, started at Wed Feb 16 01:00:01 UTC 2022
Failure pred model 2, ended at Wed Feb 16 01:02:36 UTC 2022
Failure pred model 2, started at Thu Feb 17 01:00:01 UTC 2022
Failure pred model 2, ended at Thu Feb 17 01:04:02 UTC 2022
Failure pred model 2, started at Fri Feb 18 01:00:01 UTC 2022
Failure pred model 2, ended at Fri Feb 18 01:06:41 UTC 2022
Failure pred model 2, started at Sat Feb 19 01:00:01 UTC 2022
Failure pred model 2, ended at Sat Feb 19 01:06:41 UTC 2022
Failure pred model 2, started at Sun Feb 20 01:00:01 UTC 2022
Failure pred model 2, ended at Sun Feb 20 01:06:53 UTC 2022
Failure pred model 2, started at Mon Feb 21 01:00:01 UTC 2022
Failure pred model 2, ended at Mon Feb 21 01:06:55 UTC 2022
Failure pred model 2, started at Tue Feb 22 01:00:01 UTC 2022
Failure pred model 2, ended at Tue Feb 22 01:07:32 UTC 2022
Failure pred model 2, started at Wed Feb 23 01:00:01 UTC 2022
Failure pred model 2, ended at Wed Feb 23 01:06:46 UTC 2022
Failure pred model 2, started at Thu Feb 24 01:00:01 UTC 2022
Failure pred model 2, ended at Thu Feb 24 01:06:57 UTC 2022
Failure pred model 2, started at Fri Feb 25 01:00:01 UTC 2022
Failure pred model 2, ended at Fri Feb 25 01:06:47 UTC 2022
Failure pred model 2, started at Sat Feb 26 01:00:01 UTC 2022
Failure pred model 2, ended at Sat Feb 26 01:06:29 UTC 2022
Failure pred model 2, started at Sun Feb 27 01:00:01 UTC 2022
Failure pred model 2, ended at Sun Feb 27 01:07:09 UTC 2022
Failure pred model 2, started at Mon Feb 28 01:00:01 UTC 2022
Failure pred model 2, ended at Mon Feb 28 01:04:34 UTC 2022
Failure pred model 2, started at Tue Mar  1 01:00:01 UTC 2022
Failure pred model 2, ended at Tue Mar  1 01:01:34 UTC 2022
Failure pred model 2, started at Wed Mar  2 01:00:01 UTC 2022
Failure pred model 2, ended at Wed Mar  2 01:04:03 UTC 2022
Failure pred model 2, started at Thu Mar  3 01:00:02 UTC 2022
Failure pred model 2, ended at Thu Mar  3 01:07:40 UTC 2022
Failure pred model 2, started at Fri Mar  4 01:00:01 UTC 2022
Failure pred model 2, ended at Fri Mar  4 01:06:49 UTC 2022
Failure pred model 2, started at Sat Mar  5 01:00:01 UTC 2022
Failure pred model 2, ended at Sat Mar  5 01:07:32 UTC 2022
Failure pred model 2, started at Sun Mar  6 01:00:01 UTC 2022
Failure pred model 2, ended at Sun Mar  6 01:07:29 UTC 2022
Failure pred model 2, started at Tue Mar  8 01:00:01 UTC 2022
Failure pred model 2, ended at Tue Mar  8 01:07:10 UTC 2022
Failure pred model 2, started at Wed Mar  9 01:00:01 UTC 2022
Failure pred model 2, ended at Wed Mar  9 01:07:24 UTC 2022
Failure pred model 2, started at Thu Mar 10 01:44:17 UTC 2022
Failure pred model 2, ended at Thu Mar 10 15:51:52 UTC 2022
Failure pred model 2, started at Sat Mar 12 01:00:01 UTC 2022
Failure pred model 2, ended at Sat Mar 12 01:06:54 UTC 2022
Failure pred model 2, started at Sun Mar 13 01:00:01 UTC 2022
Failure pred model 2, ended at Sun Mar 13 01:07:04 UTC 2022
Failure pred model 2, started at Mon Mar 14 01:00:01 UTC 2022
Failure pred model 2, ended at Mon Mar 14 01:07:21 UTC 2022
Failure pred model 2, started at Tue Mar 15 01:00:01 UTC 2022
Failure pred model 2, ended at Tue Mar 15 01:07:07 UTC 2022
Failure pred model 2, started at Wed Mar 16 01:00:01 UTC 2022
Failure pred model 2, ended at Wed Mar 16 01:07:09 UTC 2022
Failure pred model 2, started at Thu Mar 17 01:00:01 UTC 2022
Failure pred model 2, ended at Thu Mar 17 01:07:15 UTC 2022
Failure pred model 2, started at Fri Mar 18 01:00:01 UTC 2022
Failure pred model 2, ended at Fri Mar 18 01:07:17 UTC 2022
Failure pred model 2, started at Sat Mar 19 01:00:02 UTC 2022
Failure pred model 2, ended at Sat Mar 19 01:07:09 UTC 2022
Failure pred model 2, started at Sun Mar 20 01:00:01 UTC 2022
Failure pred model 2, ended at Sun Mar 20 01:07:17 UTC 2022
Failure pred model 2, started at Tue Mar 22 01:00:01 UTC 2022
Failure pred model 2, ended at Tue Mar 22 01:06:39 UTC 2022
Failure pred model 2, started at Wed Mar 23 01:48:30 UTC 2022
Failure pred model 2, started at Thu Mar 24 01:00:02 UTC 2022
Failure pred model 2, ended at Thu Mar 24 01:06:53 UTC 2022
Failure pred model 2, started at Fri Mar 25 01:00:01 UTC 2022
Failure pred model 2, ended at Fri Mar 25 01:07:10 UTC 2022
Failure pred model 2, started at Sat Mar 26 01:00:02 UTC 2022
Failure pred model 2, ended at Sat Mar 26 01:07:26 UTC 2022
Failure pred model 2, started at Sun Mar 27 01:00:02 UTC 2022
Failure pred model 2, ended at Sun Mar 27 01:07:25 UTC 2022
Failure pred model 2, started at Mon Mar 28 01:00:01 UTC 2022
Failure pred model 2, ended at Mon Mar 28 01:09:56 UTC 2022
Failure pred model 2, started at Tue Mar 29 01:00:01 UTC 2022
Failure pred model 2, ended at Tue Mar 29 01:07:23 UTC 2022
Failure pred model 2, started at Wed Mar 30 01:00:02 UTC 2022
Failure pred model 2, ended at Wed Mar 30 01:07:26 UTC 2022
Failure pred model 2, started at Thu Mar 31 01:00:01 UTC 2022
Failure pred model 2, ended at Thu Mar 31 01:07:41 UTC 2022
Failure pred model 2, started at Fri Apr  1 01:00:01 UTC 2022
Failure pred model 2, ended at Fri Apr  1 01:07:02 UTC 2022
Failure pred model 2, started at Sun Apr  3 01:00:01 UTC 2022
Failure pred model 2, ended at Sun Apr  3 01:07:38 UTC 2022
Failure pred model 2, started at Sat Apr  9 01:00:01 UTC 2022
Failure pred model 2, ended at Sat Apr  9 01:07:04 UTC 2022
Failure pred model 2, started at Mon Apr 11 03:27:43 UTC 2022
Failure pred model 2, ended at Mon Apr 11 04:36:41 UTC 2022
Failure pred model 2, started at Tue Apr 12 01:00:01 UTC 2022
Failure pred model 2, ended at Tue Apr 12 01:09:09 UTC 2022
Failure pred model 2, started at Wed Apr 13 01:00:01 UTC 2022
Failure pred model 2, ended at Wed Apr 13 01:11:03 UTC 2022
Failure pred model 2, started at Thu Apr 14 01:00:01 UTC 2022
Failure pred model 2, ended at Thu Apr 14 01:09:37 UTC 2022
Failure pred model 2, started at Fri Apr 15 01:00:01 UTC 2022
Failure pred model 2, ended at Fri Apr 15 01:09:58 UTC 2022
Failure pred model 2, started at Sat Apr 16 01:00:01 UTC 2022
Failure pred model 2, ended at Sat Apr 16 01:11:22 UTC 2022
Failure pred model 2, started at Sun Apr 17 01:17:29 UTC 2022
Failure pred model 2, ended at Sun Apr 17 06:29:05 UTC 2022
Failure pred model 2, started at Mon Apr 18 01:05:17 UTC 2022
Failure pred model 2, ended at Mon Apr 18 07:26:12 UTC 2022
Failure pred model 2, started at Tue Apr 19 02:12:32 UTC 2022
Failure pred model 2, started at Wed Apr 20 01:00:01 UTC 2022
Failure pred model 2, ended at Wed Apr 20 01:09:38 UTC 2022
Failure pred model 2, started at Thu Apr 21 01:00:02 UTC 2022
Failure pred model 2, ended at Thu Apr 21 01:07:18 UTC 2022
Failure pred model 2, started at Fri Apr 22 01:00:01 UTC 2022
Failure pred model 2, ended at Fri Apr 22 01:18:25 UTC 2022
Failure pred model 2, started at Sat Apr 23 01:00:01 UTC 2022
Failure pred model 2, ended at Sat Apr 23 01:10:43 UTC 2022
Failure pred model 2, started at Sun Apr 24 01:16:26 UTC 2022
Failure pred model 2, ended at Sun Apr 24 04:17:43 UTC 2022
Failure pred model 2, started at Mon Apr 25 01:24:11 UTC 2022
Failure pred model 2, ended at Mon Apr 25 09:53:27 UTC 2022
Failure pred model 2, started at Tue Apr 26 01:44:31 UTC 2022
Failure pred model 2, started at Wed Apr 27 02:25:19 UTC 2022
Failure pred model 2, started at Thu Apr 28 03:13:58 UTC 2022
Failure pred model 2, started at Fri Apr 29 05:49:38 UTC 2022
Failure pred model 2, started at Sun May  1 11:12:04 UTC 2022
Failure pred model 2, started at Sun May  1 11:12:04 UTC 2022
Failure pred model 2, started at Mon May  2 13:40:53 UTC 2022
Failure pred model 2, started at Tue May  3 04:43:24 UTC 2022
Failure pred model 2, started at Wed May  4 01:00:01 UTC 2022
Failure pred model 2, ended at Wed May  4 01:07:11 UTC 2022
Failure pred model 2, started at Thu May  5 01:00:01 UTC 2022
Failure pred model 2, ended at Thu May  5 01:07:06 UTC 2022
Failure pred model 2, started at Fri May  6 01:26:41 UTC 2022
Failure pred model 2, ended at Fri May  6 15:38:38 UTC 2022
Failure pred model 2, started at Sat May  7 03:48:58 UTC 2022
Failure pred model 2, started at Mon May  9 04:00:39 UTC 2022
Failure pred model 2, started at Tue May 10 01:00:01 UTC 2022
Failure pred model 2, ended at Tue May 10 01:01:30 UTC 2022
Failure pred model 2, started at Wed May 11 01:00:02 UTC 2022
Failure pred model 2, ended at Wed May 11 01:05:26 UTC 2022
Failure pred model 2, started at Thu May 12 01:00:01 UTC 2022
Failure pred model 2, ended at Thu May 12 01:07:21 UTC 2022
Failure pred model 2, started at Fri May 13 01:00:01 UTC 2022
Failure pred model 2, ended at Fri May 13 01:07:20 UTC 2022
Failure pred model 2, started at Sat May 14 01:00:01 UTC 2022
Failure pred model 2, ended at Sat May 14 01:07:23 UTC 2022
Failure pred model 2, started at Sun May 15 01:00:01 UTC 2022
Failure pred model 2, ended at Sun May 15 01:07:05 UTC 2022
Failure pred model 2, started at Mon May 16 01:00:01 UTC 2022
Failure pred model 2, ended at Mon May 16 01:06:56 UTC 2022
Failure pred model 2, started at Tue May 17 01:00:01 UTC 2022
Failure pred model 2, ended at Tue May 17 01:07:17 UTC 2022
Failure pred model 2, started at Wed May 18 01:00:01 UTC 2022
Failure pred model 2, ended at Wed May 18 01:07:25 UTC 2022
Failure pred model 2, started at Thu May 19 01:00:01 UTC 2022
Failure pred model 2, ended at Thu May 19 01:07:02 UTC 2022
Failure pred model 2, started at Fri May 20 01:00:01 UTC 2022
Failure pred model 2, ended at Fri May 20 01:07:21 UTC 2022
Failure pred model 2, started at Sat May 21 01:00:01 UTC 2022
Failure pred model 2, ended at Sat May 21 01:06:57 UTC 2022
Failure pred model 2, started at Sun May 22 01:00:02 UTC 2022
Failure pred model 2, ended at Sun May 22 01:07:31 UTC 2022
Failure pred model 2, started at Mon May 23 01:00:01 UTC 2022
Failure pred model 2, ended at Mon May 23 01:03:31 UTC 2022
Failure pred model 2, started at Tue May 24 01:00:01 UTC 2022
Failure pred model 2, ended at Tue May 24 01:05:35 UTC 2022
Failure pred model 2, started at Wed May 25 01:45:47 UTC 2022
Failure pred model 2, ended at Wed May 25 15:55:15 UTC 2022
Failure pred model 2, started at Thu May 26 01:47:50 UTC 2022
Failure pred model 2, started at Fri May 27 01:00:01 UTC 2022
Failure pred model 2, ended at Fri May 27 01:06:57 UTC 2022
Failure pred model 2, started at Sat May 28 01:00:01 UTC 2022
Failure pred model 2, ended at Sat May 28 01:06:55 UTC 2022
Failure pred model 2, started at Sun May 29 01:54:56 UTC 2022
Failure pred model 2, ended at Sun May 29 02:24:54 UTC 2022
Failure pred model 2, started at Mon May 30 01:04:08 UTC 2022
Failure pred model 2, started at Tue May 31 01:51:54 UTC 2022
Failure pred model 2, started at Wed Jun  1 01:00:01 UTC 2022
Failure pred model 2, ended at Wed Jun  1 01:04:53 UTC 2022
Failure pred model 2, started at Thu Jun  2 01:00:01 UTC 2022
Failure pred model 2, ended at Thu Jun  2 01:04:29 UTC 2022
Failure pred model 2, started at Fri Jun  3 01:00:01 UTC 2022
Failure pred model 2, ended at Fri Jun  3 01:07:25 UTC 2022
Failure pred model 2, started at Sat Jun  4 01:00:01 UTC 2022
Failure pred model 2, ended at Sat Jun  4 01:07:35 UTC 2022
Failure pred model 2, started at Sun Jun  5 01:00:02 UTC 2022
Failure pred model 2, ended at Sun Jun  5 01:07:23 UTC 2022
Failure pred model 2, started at Mon Jun  6 01:00:01 UTC 2022
Failure pred model 2, ended at Mon Jun  6 01:06:52 UTC 2022
Failure pred model 2, started at Tue Jun  7 01:00:01 UTC 2022
Failure pred model 2, ended at Tue Jun  7 01:07:13 UTC 2022
Failure pred model 2, started at Wed Jun  8 01:00:01 UTC 2022
Failure pred model 2, ended at Wed Jun  8 01:07:35 UTC 2022
Failure pred model 2, started at Thu Jun  9 01:00:01 UTC 2022
Failure pred model 2, ended at Thu Jun  9 01:07:36 UTC 2022
Failure pred model 2, started at Fri Jun 10 01:24:42 UTC 2022
Failure pred model 2, started at Sat Jun 11 01:05:39 UTC 2022
Failure pred model 2, started at Sun Jun 12 01:13:00 UTC 2022
Failure pred model 2, ended at Sun Jun 12 01:15:21 UTC 2022
Failure pred model 2, ended at Sun Jun 12 04:14:23 UTC 2022
Failure pred model 2, started at Mon Jun 13 01:00:01 UTC 2022
Failure pred model 2, ended at Mon Jun 13 01:07:06 UTC 2022
Failure pred model 2, started at Tue Jun 14 01:00:01 UTC 2022
Failure pred model 2, ended at Tue Jun 14 01:07:47 UTC 2022
Failure pred model 2, started at Wed Jun 15 01:00:01 UTC 2022
Failure pred model 2, ended at Wed Jun 15 01:07:50 UTC 2022
Failure pred model 2, started at Thu Jun 16 01:00:02 UTC 2022
Failure pred model 2, ended at Thu Jun 16 01:08:14 UTC 2022
Failure pred model 2, started at Fri Jun 17 01:00:01 UTC 2022
Failure pred model 2, ended at Fri Jun 17 01:06:14 UTC 2022
Failure pred model 2, started at Sat Jun 18 01:00:01 UTC 2022
Failure pred model 2, ended at Sat Jun 18 01:05:49 UTC 2022
Failure pred model 2, started at Sun Jun 19 01:00:01 UTC 2022
Failure pred model 2, ended at Sun Jun 19 01:06:50 UTC 2022
Failure pred model 2, started at Mon Jun 20 01:00:01 UTC 2022
Failure pred model 2, ended at Mon Jun 20 01:05:28 UTC 2022
Failure pred model 2, started at Tue Jun 21 01:00:01 UTC 2022
Failure pred model 2, ended at Tue Jun 21 01:07:03 UTC 2022
Failure pred model 2, started at Wed Jun 22 01:00:01 UTC 2022
Failure pred model 2, ended at Wed Jun 22 01:07:15 UTC 2022
Failure pred model 2, started at Thu Jun 23 01:00:01 UTC 2022
Failure pred model 2, ended at Thu Jun 23 01:09:27 UTC 2022
Failure pred model 2, started at Fri Jun 24 01:00:02 UTC 2022
Failure pred model 2, ended at Fri Jun 24 01:07:47 UTC 2022
Failure pred model 2, started at Sat Jun 25 01:00:01 UTC 2022
Failure pred model 2, ended at Sat Jun 25 01:07:45 UTC 2022
Failure pred model 2, started at Sun Jun 26 01:00:02 UTC 2022
Failure pred model 2, ended at Sun Jun 26 01:07:47 UTC 2022
Failure pred model 2, started at Mon Jun 27 01:00:01 UTC 2022
Failure pred model 2, ended at Mon Jun 27 01:09:01 UTC 2022
Failure pred model 2, started at Tue Jun 28 01:00:02 UTC 2022
Failure pred model 2, ended at Tue Jun 28 01:07:24 UTC 2022
Failure pred model 2, started at Wed Jun 29 01:41:44 UTC 2022
Failure pred model 2, ended at Wed Jun 29 04:14:25 UTC 2022
Failure pred model 2, started at Thu Jun 30 01:00:01 UTC 2022
Failure pred model 2, ended at Thu Jun 30 01:07:03 UTC 2022
Failure pred model 2, started at Fri Jul  1 01:00:01 UTC 2022
Failure pred model 2, ended at Fri Jul  1 01:07:07 UTC 2022
Failure pred model 2, started at Sat Jul  2 01:00:01 UTC 2022
Failure pred model 2, ended at Sat Jul  2 01:07:13 UTC 2022
Failure pred model 2, started at Sun Jul  3 01:00:01 UTC 2022
Failure pred model 2, ended at Sun Jul  3 01:07:11 UTC 2022
Failure pred model 2, started at Mon Jul  4 01:00:01 UTC 2022
Failure pred model 2, ended at Mon Jul  4 01:06:47 UTC 2022
Failure pred model 2, started at Tue Jul  5 01:00:01 UTC 2022
Failure pred model 2, ended at Tue Jul  5 01:06:43 UTC 2022
Failure pred model 2, started at Wed Jul  6 01:00:01 UTC 2022
Failure pred model 2, ended at Wed Jul  6 01:07:05 UTC 2022
Failure pred model 2, started at Thu Jul  7 01:00:01 UTC 2022
Failure pred model 2, ended at Thu Jul  7 01:07:17 UTC 2022
Failure pred model 2, started at Fri Jul  8 01:00:01 UTC 2022
Failure pred model 2, ended at Fri Jul  8 01:07:49 UTC 2022
Failure pred model 2, started at Sat Jul  9 01:00:01 UTC 2022
Failure pred model 2, ended at Sat Jul  9 01:07:15 UTC 2022
Failure pred model 2, started at Sun Jul 10 01:00:01 UTC 2022
Failure pred model 2, ended at Sun Jul 10 01:06:59 UTC 2022
Failure pred model 2, started at Mon Jul 11 01:00:01 UTC 2022
Failure pred model 2, ended at Mon Jul 11 01:03:41 UTC 2022
Failure pred model 2, started at Tue Jul 12 01:00:01 UTC 2022
Failure pred model 2, ended at Tue Jul 12 01:07:13 UTC 2022
Failure pred model 2, started at Wed Jul 13 01:00:01 UTC 2022
Failure pred model 2, ended at Wed Jul 13 01:07:25 UTC 2022
Failure pred model 2, started at Thu Jul 14 01:00:01 UTC 2022
Failure pred model 2, ended at Thu Jul 14 01:07:06 UTC 2022
Failure pred model 2, started at Fri Jul 15 01:00:01 UTC 2022
Failure pred model 2, ended at Fri Jul 15 01:07:06 UTC 2022
Failure pred model 2, started at Sat Jul 16 01:00:01 UTC 2022
Failure pred model 2, ended at Sat Jul 16 01:07:04 UTC 2022
Failure pred model 2, started at Sun Jul 17 01:00:01 UTC 2022
Failure pred model 2, ended at Sun Jul 17 01:07:01 UTC 2022
Failure pred model 2, started at Mon Jul 18 01:00:01 UTC 2022
Failure pred model 2, ended at Mon Jul 18 01:07:00 UTC 2022
Failure pred model 2, started at Tue Jul 19 01:00:01 UTC 2022
Failure pred model 2, ended at Tue Jul 19 01:07:34 UTC 2022
Failure pred model 2, started at Wed Jul 20 01:00:01 UTC 2022
Failure pred model 2, ended at Wed Jul 20 01:07:33 UTC 2022
Failure pred model 2, started at Thu Jul 21 01:00:01 UTC 2022
Failure pred model 2, ended at Thu Jul 21 01:07:54 UTC 2022
Failure pred model 2, started at Fri Jul 22 01:00:01 UTC 2022
Failure pred model 2, ended at Fri Jul 22 01:07:13 UTC 2022
Failure pred model 2, started at Sat Jul 23 01:00:01 UTC 2022
Failure pred model 2, ended at Sat Jul 23 01:07:49 UTC 2022
Failure pred model 2, started at Sun Jul 24 01:00:01 UTC 2022
Failure pred model 2, ended at Sun Jul 24 01:07:29 UTC 2022
Failure pred model 2, started at Mon Jul 25 01:00:01 UTC 2022
Failure pred model 2, ended at Mon Jul 25 01:08:06 UTC 2022
Failure pred model 2, started at Tue Jul 26 01:00:01 UTC 2022
Failure pred model 2, ended at Tue Jul 26 01:07:13 UTC 2022
Failure pred model 2, started at Wed Jul 27 01:00:01 UTC 2022
Failure pred model 2, ended at Wed Jul 27 01:07:24 UTC 2022
Failure pred model 2, started at Thu Jul 28 01:00:01 UTC 2022
Failure pred model 2, ended at Thu Jul 28 01:07:16 UTC 2022
Failure pred model 2, started at Fri Jul 29 01:00:01 UTC 2022
Failure pred model 2, ended at Fri Jul 29 01:06:18 UTC 2022
Failure pred model 2, started at Sat Jul 30 01:00:01 UTC 2022
Failure pred model 2, ended at Sat Jul 30 01:06:05 UTC 2022
Failure pred model 2, started at Sun Jul 31 01:00:01 UTC 2022
Failure pred model 2, ended at Sun Jul 31 01:07:14 UTC 2022
Failure pred model 2, started at Mon Aug  1 01:00:01 UTC 2022
Failure pred model 2, ended at Mon Aug  1 01:07:05 UTC 2022
Failure pred model 2, started at Tue Aug  2 01:00:01 UTC 2022
Failure pred model 2, ended at Tue Aug  2 01:07:20 UTC 2022
Failure pred model 2, started at Wed Aug  3 01:00:01 UTC 2022
Failure pred model 2, ended at Wed Aug  3 01:07:06 UTC 2022
Failure pred model 2, started at Thu Aug  4 01:00:01 UTC 2022
Failure pred model 2, ended at Thu Aug  4 01:07:09 UTC 2022
Failure pred model 2, started at Fri Aug  5 01:00:01 UTC 2022
Failure pred model 2, ended at Fri Aug  5 01:07:04 UTC 2022
Failure pred model 2, started at Sat Aug  6 01:00:01 UTC 2022
Failure pred model 2, ended at Sat Aug  6 01:07:08 UTC 2022
Failure pred model 2, started at Sun Aug  7 01:00:01 UTC 2022
Failure pred model 2, ended at Sun Aug  7 01:06:45 UTC 2022
Failure pred model 2, started at Mon Aug  8 01:00:01 UTC 2022
Failure pred model 2, ended at Mon Aug  8 01:07:02 UTC 2022
Failure pred model 2, started at Tue Aug  9 01:00:01 UTC 2022
Failure pred model 2, ended at Tue Aug  9 01:07:14 UTC 2022
Failure pred model 2, started at Wed Aug 10 01:00:01 UTC 2022
Failure pred model 2, ended at Wed Aug 10 01:07:01 UTC 2022
Failure pred model 2, started at Thu Aug 11 01:00:01 UTC 2022
Failure pred model 2, ended at Thu Aug 11 01:06:50 UTC 2022
Failure pred model 2, started at Fri Aug 12 01:00:01 UTC 2022
Failure pred model 2, ended at Fri Aug 12 01:06:02 UTC 2022
Failure pred model 2, started at Sat Aug 13 01:00:01 UTC 2022
Failure pred model 2, ended at Sat Aug 13 01:07:18 UTC 2022
Failure pred model 2, started at Sun Aug 14 01:00:01 UTC 2022
Failure pred model 2, ended at Sun Aug 14 01:06:55 UTC 2022
Failure pred model 2, started at Mon Aug 15 01:00:01 UTC 2022
Failure pred model 2, ended at Mon Aug 15 01:06:53 UTC 2022
Failure pred model 2, started at Tue Aug 16 01:00:01 UTC 2022
Failure pred model 2, ended at Tue Aug 16 01:06:47 UTC 2022
Failure pred model 2, started at Wed Aug 17 01:00:01 UTC 2022
Failure pred model 2, ended at Wed Aug 17 01:06:49 UTC 2022
Failure pred model 2, started at Thu Aug 18 01:00:01 UTC 2022
Failure pred model 2, ended at Thu Aug 18 01:08:33 UTC 2022
Failure pred model 2, started at Fri Aug 19 01:00:01 UTC 2022
Failure pred model 2, ended at Fri Aug 19 01:10:01 UTC 2022
Failure pred model 2, started at Sat Aug 20 01:00:01 UTC 2022
Failure pred model 2, ended at Sat Aug 20 01:07:32 UTC 2022
Failure pred model 2, started at Sun Aug 21 01:00:01 UTC 2022
Failure pred model 2, ended at Sun Aug 21 01:07:54 UTC 2022
Failure pred model 2, started at Mon Aug 22 01:00:01 UTC 2022
Failure pred model 2, ended at Mon Aug 22 01:07:49 UTC 2022
Failure pred model 2, started at Tue Aug 23 01:00:01 UTC 2022
Failure pred model 2, ended at Tue Aug 23 01:06:22 UTC 2022
Failure pred model 2, started at Wed Aug 24 01:00:01 UTC 2022
Failure pred model 2, ended at Wed Aug 24 01:07:01 UTC 2022
Failure pred model 2, started at Thu Aug 25 01:00:01 UTC 2022
Failure pred model 2, ended at Thu Aug 25 01:09:05 UTC 2022
Failure pred model 2, started at Fri Aug 26 01:00:01 UTC 2022
Failure pred model 2, ended at Fri Aug 26 01:10:59 UTC 2022
Failure pred model 2, started at Sat Aug 27 01:00:01 UTC 2022
Failure pred model 2, ended at Sat Aug 27 01:08:23 UTC 2022
Failure pred model 2, started at Sun Aug 28 01:00:01 UTC 2022
Failure pred model 2, ended at Sun Aug 28 01:11:40 UTC 2022
Failure pred model 2, started at Mon Aug 29 01:00:01 UTC 2022
Failure pred model 2, ended at Mon Aug 29 01:07:11 UTC 2022
Failure pred model 2, started at Tue Aug 30 01:00:01 UTC 2022
Failure pred model 2, ended at Tue Aug 30 01:06:03 UTC 2022
Failure pred model 2, started at Wed Aug 31 01:00:01 UTC 2022
Failure pred model 2, ended at Wed Aug 31 01:04:34 UTC 2022
Failure pred model 2, started at Thu Sep  1 01:00:01 UTC 2022
Failure pred model 2, ended at Thu Sep  1 01:07:24 UTC 2022
Failure pred model 2, started at Fri Sep  2 01:00:01 UTC 2022
Failure pred model 2, ended at Fri Sep  2 01:07:04 UTC 2022
Failure pred model 2, started at Sat Sep  3 01:00:01 UTC 2022
Failure pred model 2, ended at Sat Sep  3 01:06:51 UTC 2022
Failure pred model 2, started at Sun Sep  4 01:00:01 UTC 2022
Failure pred model 2, ended at Sun Sep  4 01:06:46 UTC 2022
Failure pred model 2, started at Mon Sep  5 01:00:01 UTC 2022
Failure pred model 2, ended at Mon Sep  5 01:06:49 UTC 2022
Failure pred model 2, started at Tue Sep  6 01:00:01 UTC 2022
Failure pred model 2, ended at Tue Sep  6 01:06:41 UTC 2022
Failure pred model 2, started at Wed Sep  7 01:00:01 UTC 2022
Failure pred model 2, ended at Wed Sep  7 01:06:55 UTC 2022
Failure pred model 2, started at Thu Sep  8 01:00:01 UTC 2022
Failure pred model 2, ended at Thu Sep  8 01:06:43 UTC 2022
Failure pred model 2, started at Fri Sep  9 01:00:02 UTC 2022
Failure pred model 2, ended at Fri Sep  9 01:06:51 UTC 2022
Failure pred model 2, started at Sat Sep 10 01:00:01 UTC 2022
Failure pred model 2, ended at Sat Sep 10 01:06:36 UTC 2022
Failure pred model 2, started at Sun Sep 11 01:00:02 UTC 2022
Failure pred model 2, ended at Sun Sep 11 01:06:47 UTC 2022
Failure pred model 2, started at Mon Sep 12 01:00:01 UTC 2022
Failure pred model 2, ended at Mon Sep 12 01:06:47 UTC 2022
Failure pred model 2, started at Tue Sep 13 01:00:01 UTC 2022
Failure pred model 2, ended at Tue Sep 13 01:06:47 UTC 2022
Failure pred model 2, started at Wed Sep 14 01:00:01 UTC 2022
Failure pred model 2, ended at Wed Sep 14 01:06:42 UTC 2022
Failure pred model 2, started at Thu Sep 15 01:00:01 UTC 2022
Failure pred model 2, ended at Thu Sep 15 01:06:32 UTC 2022
Failure pred model 2, started at Sat Sep 17 01:00:01 UTC 2022
Failure pred model 2, ended at Sat Sep 17 01:06:27 UTC 2022
Failure pred model 2, started at Sun Sep 18 01:00:01 UTC 2022
Failure pred model 2, ended at Sun Sep 18 01:06:11 UTC 2022
Failure pred model 2, started at Mon Sep 19 01:00:01 UTC 2022
Failure pred model 2, ended at Mon Sep 19 01:05:59 UTC 2022
Failure pred model 2, started at Thu Sep 22 01:00:01 UTC 2022
Failure pred model 2, ended at Thu Sep 22 01:04:16 UTC 2022
Failure pred model 2, started at Fri Sep 23 01:00:01 UTC 2022
Failure pred model 2, ended at Fri Sep 23 01:05:35 UTC 2022
Failure pred model 2, started at Sat Sep 24 01:00:01 UTC 2022
Failure pred model 2, ended at Sat Sep 24 01:05:34 UTC 2022
Failure pred model 2, started at Sun Sep 25 01:00:01 UTC 2022
Failure pred model 2, ended at Sun Sep 25 01:05:29 UTC 2022
Failure pred model 2, started at Mon Sep 26 01:00:01 UTC 2022
Failure pred model 2, ended at Mon Sep 26 01:06:06 UTC 2022
Failure pred model 2, started at Tue Sep 27 01:00:01 UTC 2022
Failure pred model 2, ended at Tue Sep 27 01:02:17 UTC 2022
Failure pred model 2, started at Wed Sep 28 01:00:01 UTC 2022
Failure pred model 2, ended at Wed Sep 28 01:02:16 UTC 2022
Failure pred model 2, started at Thu Sep 29 01:00:01 UTC 2022
Failure pred model 2, ended at Thu Sep 29 01:02:17 UTC 2022
Failure pred model 2, started at Fri Sep 30 01:00:01 UTC 2022
Failure pred model 2, ended at Fri Sep 30 01:00:05 UTC 2022
Failure pred model 2, started at Sat Oct  1 01:00:01 UTC 2022
Failure pred model 2, ended at Sat Oct  1 01:00:04 UTC 2022
Failure pred model 2, started at Sun Oct  2 01:00:01 UTC 2022
Failure pred model 2, ended at Sun Oct  2 01:00:05 UTC 2022
Failure pred model 2, started at Mon Oct  3 01:00:02 UTC 2022
Failure pred model 2, ended at Mon Oct  3 01:00:05 UTC 2022
Failure pred model 2, started at Tue Oct  4 01:00:01 UTC 2022
Failure pred model 2, ended at Tue Oct  4 01:00:04 UTC 2022
Failure pred model 2, started at Wed Oct  5 01:00:01 UTC 2022
Failure pred model 2, ended at Wed Oct  5 01:00:04 UTC 2022
Failure pred model 2, started at Thu Oct  6 01:00:01 UTC 2022
Failure pred model 2, ended at Thu Oct  6 01:00:04 UTC 2022
Failure pred model 2, started at Fri Oct  7 01:00:01 UTC 2022
Failure pred model 2, ended at Fri Oct  7 01:00:03 UTC 2022
Failure pred model 2, started at Sat Oct  8 01:00:01 UTC 2022
Failure pred model 2, ended at Sat Oct  8 01:00:04 UTC 2022
Failure pred model 2, started at Sun Oct  9 01:00:01 UTC 2022
Failure pred model 2, ended at Sun Oct  9 01:00:04 UTC 2022
Failure pred model 2, started at Mon Oct 10 01:00:01 UTC 2022
Failure pred model 2, ended at Mon Oct 10 01:00:04 UTC 2022
Failure pred model 2, started at Tue Oct 11 01:00:01 UTC 2022
Failure pred model 2, ended at Tue Oct 11 01:00:04 UTC 2022
Failure pred model 2, started at Wed Oct 12 01:00:01 UTC 2022
Failure pred model 2, ended at Wed Oct 12 01:00:04 UTC 2022
Failure pred model 2, started at Thu Oct 13 01:00:01 UTC 2022
Failure pred model 2, ended at Thu Oct 13 01:00:05 UTC 2022
Failure pred model 2, started at Fri Oct 14 01:00:01 UTC 2022
Failure pred model 2, ended at Fri Oct 14 01:00:04 UTC 2022
Failure pred model 2, started at Sat Oct 15 01:00:01 UTC 2022
Failure pred model 2, ended at Sat Oct 15 01:00:04 UTC 2022
Failure pred model 2, started at Sun Oct 16 01:00:01 UTC 2022
Failure pred model 2, ended at Sun Oct 16 01:00:06 UTC 2022
Failure pred model 2, started at Mon Oct 17 01:00:01 UTC 2022
Failure pred model 2, ended at Mon Oct 17 01:00:04 UTC 2022
Failure pred model 2, started at Tue Oct 18 01:00:01 UTC 2022
Failure pred model 2, ended at Tue Oct 18 01:00:05 UTC 2022
Failure pred model 2, started at Wed Oct 19 01:00:01 UTC 2022
Failure pred model 2, ended at Wed Oct 19 01:00:05 UTC 2022
Failure pred model 2, started at Thu Oct 20 01:00:01 UTC 2022
Failure pred model 2, ended at Thu Oct 20 01:00:06 UTC 2022
Failure pred model 2, started at Fri Oct 21 01:00:01 UTC 2022
Failure pred model 2, ended at Fri Oct 21 01:00:05 UTC 2022
Failure pred model 2, started at Sat Oct 22 01:00:01 UTC 2022
Failure pred model 2, ended at Sat Oct 22 01:00:05 UTC 2022
Failure pred model 2, started at Sun Oct 23 01:00:01 UTC 2022
Failure pred model 2, ended at Sun Oct 23 01:00:05 UTC 2022
Failure pred model 2, started at Mon Oct 24 01:00:01 UTC 2022
Failure pred model 2, ended at Mon Oct 24 01:00:05 UTC 2022
Failure pred model 2, started at Tue Oct 25 01:00:01 UTC 2022
Failure pred model 2, ended at Tue Oct 25 01:00:06 UTC 2022
Failure pred model 2, started at Wed Oct 26 01:00:01 UTC 2022
Failure pred model 2, ended at Wed Oct 26 01:00:06 UTC 2022
Failure pred model 2, started at Thu Oct 27 01:00:01 UTC 2022
Failure pred model 2, ended at Thu Oct 27 01:00:06 UTC 2022
Failure pred model 2, started at Fri Oct 28 01:00:01 UTC 2022
Failure pred model 2, ended at Fri Oct 28 01:00:06 UTC 2022
Failure pred model 2, started at Sat Oct 29 01:00:01 UTC 2022
Failure pred model 2, ended at Sat Oct 29 01:00:05 UTC 2022
Failure pred model 2, started at Sun Oct 30 01:00:01 UTC 2022
Failure pred model 2, ended at Sun Oct 30 01:00:05 UTC 2022
Failure pred model 2, started at Mon Oct 31 01:00:01 UTC 2022
Failure pred model 2, ended at Mon Oct 31 01:00:05 UTC 2022
Failure pred model 2, started at Tue Nov  1 01:00:01 UTC 2022
Failure pred model 2, ended at Tue Nov  1 01:00:04 UTC 2022
Failure pred model 2, started at Wed Nov  2 01:00:01 UTC 2022
Failure pred model 2, ended at Wed Nov  2 01:00:05 UTC 2022
Failure pred model 2, started at Thu Nov  3 01:00:02 UTC 2022
Failure pred model 2, ended at Thu Nov  3 01:00:06 UTC 2022
Failure pred model 2, started at Fri Nov  4 01:00:01 UTC 2022
Failure pred model 2, ended at Fri Nov  4 01:00:05 UTC 2022
Failure pred model 2, started at Sat Nov  5 01:00:02 UTC 2022
Failure pred model 2, ended at Sat Nov  5 01:00:06 UTC 2022
Failure pred model 2, started at Sun Nov  6 01:00:01 UTC 2022
Failure pred model 2, ended at Sun Nov  6 01:00:07 UTC 2022
Failure pred model 2, started at Mon Nov  7 01:00:01 UTC 2022
Failure pred model 2, ended at Mon Nov  7 01:00:06 UTC 2022
Failure pred model 2, started at Tue Nov  8 01:00:01 UTC 2022
Failure pred model 2, ended at Tue Nov  8 01:00:07 UTC 2022
Failure pred model 2, started at Wed Nov  9 01:00:01 UTC 2022
Failure pred model 2, ended at Wed Nov  9 01:00:07 UTC 2022
Failure pred model 2, started at Thu Nov 10 01:00:01 UTC 2022
Failure pred model 2, ended at Thu Nov 10 01:00:06 UTC 2022
Failure pred model 2, started at Fri Nov 11 01:00:01 UTC 2022
Failure pred model 2, ended at Fri Nov 11 01:00:07 UTC 2022
Failure pred model 2, started at Sat Nov 12 01:00:01 UTC 2022
Failure pred model 2, ended at Sat Nov 12 01:00:06 UTC 2022
Failure pred model 2, started at Sun Nov 13 01:00:01 UTC 2022
Failure pred model 2, ended at Sun Nov 13 01:00:07 UTC 2022
Failure pred model 2, started at Mon Nov 14 01:00:01 UTC 2022
Failure pred model 2, ended at Mon Nov 14 01:00:06 UTC 2022
Failure pred model 2, started at Tue Nov 15 01:00:01 UTC 2022
Failure pred model 2, ended at Tue Nov 15 01:00:06 UTC 2022
Failure pred model 2, started at Wed Nov 16 01:00:01 UTC 2022
Failure pred model 2, ended at Wed Nov 16 01:00:07 UTC 2022
Failure pred model 2, started at Thu Nov 17 01:00:01 UTC 2022
Failure pred model 2, ended at Thu Nov 17 01:00:06 UTC 2022
Failure pred model 2, started at Fri Nov 18 01:00:01 UTC 2022
Failure pred model 2, ended at Fri Nov 18 01:00:06 UTC 2022
