Failure pred model 1, started at Tue Jun 15 17:19:31 UTC 2021
Failure pred model 1, ended at Tue Jun 15 17:19:31 UTC 2021
Failure pred model 1, started at Tue Jun 15 17:23:37 UTC 2021
Failure pred model 1, ended at Tue Jun 15 17:41:20 UTC 2021
Failure pred model 1, started at Tue Jun 15 19:55:17 UTC 2021
Failure pred model 1, ended at Tue Jun 15 20:12:34 UTC 2021
Failure pred model 1, started at Tue Jun 22 09:20:06 UTC 2021
Failure pred model 1, ended at Tue Jun 22 09:40:21 UTC 2021
Failure pred model 1, started at Tue Jun 22 11:58:44 UTC 2021
Failure pred model 1, ended at Tue Jun 22 12:19:02 UTC 2021
Failure pred model 1, started at Tue Jun 22 20:20:18 UTC 2021
Failure pred model 1, ended at Tue Jun 22 20:40:41 UTC 2021
Failure pred model 1, started at Tue Jun 22 21:12:53 UTC 2021
Failure pred model 1, ended at Tue Jun 22 21:32:38 UTC 2021
Failure pred model 1, started at Tue Jun 22 21:35:53 UTC 2021
Failure pred model 1, ended at Tue Jun 22 21:35:55 UTC 2021
Failure pred model 1, started at Tue Jun 22 21:36:05 UTC 2021
Failure pred model 1, ended at Tue Jun 22 21:36:07 UTC 2021
Failure pred model 1, started at Wed Jul  7 11:04:29 UTC 2021
Failure pred model 1, ended at Wed Jul  7 11:04:29 UTC 2021
Failure pred model 1, started at Wed Jul  7 11:14:20 UTC 2021
Failure pred model 1, ended at Wed Jul  7 11:20:52 UTC 2021
Failure pred model 1, started at Thu Jul  8 00:30:01 UTC 2021
Failure pred model 1, ended at Thu Jul  8 00:36:33 UTC 2021
Failure pred model 1, started at Fri Jul  9 00:30:01 UTC 2021
Failure pred model 1, ended at Fri Jul  9 00:37:14 UTC 2021
Failure pred model 1, started at Sat Jul 10 00:30:01 UTC 2021
Failure pred model 1, ended at Sat Jul 10 00:36:37 UTC 2021
Failure pred model 1, started at Sun Jul 11 00:30:01 UTC 2021
Failure pred model 1, ended at Sun Jul 11 00:38:56 UTC 2021
Failure pred model 1, started at Mon Jul 12 00:30:01 UTC 2021
Failure pred model 1, ended at Mon Jul 12 00:40:25 UTC 2021
Failure pred model 1, started at Tue Jul 13 00:30:01 UTC 2021
Failure pred model 1, ended at Tue Jul 13 00:36:55 UTC 2021
Failure pred model 1, started at Wed Jul 14 00:30:01 UTC 2021
Failure pred model 1, ended at Wed Jul 14 00:35:51 UTC 2021
Failure pred model 1, started at Thu Jul 15 00:30:01 UTC 2021
Failure pred model 1, ended at Thu Jul 15 00:36:46 UTC 2021
Failure pred model 1, started at Fri Jul 16 00:30:01 UTC 2021
Failure pred model 1, ended at Fri Jul 16 00:35:53 UTC 2021
Failure pred model 1, started at Sat Jul 17 00:30:01 UTC 2021
Failure pred model 1, ended at Sat Jul 17 00:36:47 UTC 2021
Failure pred model 1, started at Sun Jul 18 00:30:01 UTC 2021
Failure pred model 1, ended at Sun Jul 18 00:37:18 UTC 2021
Failure pred model 1, started at Mon Jul 19 00:30:01 UTC 2021
Failure pred model 1, ended at Mon Jul 19 00:43:22 UTC 2021
Failure pred model 1, started at Tue Jul 20 00:30:01 UTC 2021
Failure pred model 1, ended at Tue Jul 20 00:43:09 UTC 2021
Failure pred model 1, started at Wed Jul 21 00:30:01 UTC 2021
Failure pred model 1, ended at Wed Jul 21 00:41:16 UTC 2021
Failure pred model 1, started at Thu Jul 22 00:30:01 UTC 2021
Failure pred model 1, ended at Thu Jul 22 00:37:41 UTC 2021
Failure pred model 1, started at Fri Jul 23 00:30:01 UTC 2021
Failure pred model 1, ended at Fri Jul 23 00:37:21 UTC 2021
Failure pred model 1, started at Sat Jul 24 00:30:01 UTC 2021
Failure pred model 1, ended at Sat Jul 24 00:38:48 UTC 2021
Failure pred model 1, started at Sun Jul 25 00:30:01 UTC 2021
Failure pred model 1, ended at Sun Jul 25 00:40:50 UTC 2021
Failure pred model 1, started at Mon Jul 26 00:30:01 UTC 2021
Failure pred model 1, ended at Mon Jul 26 00:40:37 UTC 2021
Failure pred model 1, started at Tue Jul 27 00:30:01 UTC 2021
Failure pred model 1, ended at Tue Jul 27 00:41:22 UTC 2021
Failure pred model 1, started at Wed Jul 28 00:30:01 UTC 2021
Failure pred model 1, ended at Wed Jul 28 00:38:48 UTC 2021
Failure pred model 1, started at Thu Jul 29 00:30:01 UTC 2021
Failure pred model 1, ended at Thu Jul 29 00:37:15 UTC 2021
Failure pred model 1, started at Fri Jul 30 00:30:01 UTC 2021
Failure pred model 1, ended at Fri Jul 30 00:37:08 UTC 2021
Failure pred model 1, started at Sat Jul 31 00:30:01 UTC 2021
Failure pred model 1, ended at Sat Jul 31 00:37:26 UTC 2021
Failure pred model 1, started at Sun Aug  1 00:30:01 UTC 2021
Failure pred model 1, ended at Sun Aug  1 00:37:31 UTC 2021
Failure pred model 1, started at Mon Aug  2 00:30:01 UTC 2021
Failure pred model 1, ended at Mon Aug  2 00:40:05 UTC 2021
Failure pred model 1, started at Tue Aug  3 00:30:01 UTC 2021
Failure pred model 1, ended at Tue Aug  3 00:47:08 UTC 2021
Failure pred model 1, started at Wed Aug  4 00:30:01 UTC 2021
Failure pred model 1, ended at Wed Aug  4 00:37:18 UTC 2021
Failure pred model 1, started at Thu Aug  5 00:30:01 UTC 2021
Failure pred model 1, ended at Thu Aug  5 00:38:58 UTC 2021
Failure pred model 1, started at Fri Aug  6 00:30:01 UTC 2021
Failure pred model 1, ended at Fri Aug  6 00:40:58 UTC 2021
Failure pred model 1, started at Sat Aug  7 00:30:01 UTC 2021
Failure pred model 1, ended at Sat Aug  7 00:35:37 UTC 2021
Failure pred model 1, started at Sun Aug  8 00:30:01 UTC 2021
Failure pred model 1, ended at Sun Aug  8 00:31:21 UTC 2021
Failure pred model 1, started at Mon Aug  9 00:30:01 UTC 2021
Failure pred model 1, ended at Mon Aug  9 00:31:21 UTC 2021
Failure pred model 1, started at Tue Aug 10 00:30:01 UTC 2021
Failure pred model 1, ended at Tue Aug 10 00:31:37 UTC 2021
Failure pred model 1, started at Wed Aug 11 00:30:02 UTC 2021
Failure pred model 1, ended at Wed Aug 11 00:35:52 UTC 2021
Failure pred model 1, started at Thu Aug 12 00:30:01 UTC 2021
Failure pred model 1, ended at Thu Aug 12 00:37:21 UTC 2021
Failure pred model 1, started at Fri Aug 13 00:30:01 UTC 2021
Failure pred model 1, ended at Fri Aug 13 00:37:31 UTC 2021
Failure pred model 1, started at Sat Aug 14 00:30:01 UTC 2021
Failure pred model 1, ended at Sat Aug 14 00:37:27 UTC 2021
Failure pred model 1, started at Sun Aug 15 00:30:02 UTC 2021
Failure pred model 1, ended at Sun Aug 15 00:40:48 UTC 2021
Failure pred model 1, started at Mon Aug 16 00:30:01 UTC 2021
Failure pred model 1, ended at Mon Aug 16 00:41:41 UTC 2021
Failure pred model 1, started at Wed Aug 18 00:30:01 UTC 2021
Failure pred model 1, ended at Wed Aug 18 00:38:29 UTC 2021
Failure pred model 1, started at Thu Aug 19 00:30:01 UTC 2021
Failure pred model 1, ended at Thu Aug 19 00:37:16 UTC 2021
Failure pred model 1, started at Fri Aug 20 00:30:01 UTC 2021
Failure pred model 1, ended at Fri Aug 20 00:40:36 UTC 2021
Failure pred model 1, started at Sat Aug 21 00:30:01 UTC 2021
Failure pred model 1, ended at Sat Aug 21 00:37:01 UTC 2021
Failure pred model 1, started at Sun Aug 22 00:30:01 UTC 2021
Failure pred model 1, ended at Sun Aug 22 00:36:52 UTC 2021
Failure pred model 1, started at Mon Aug 23 00:30:01 UTC 2021
Failure pred model 1, ended at Mon Aug 23 00:36:55 UTC 2021
Failure pred model 1, started at Tue Aug 24 00:30:01 UTC 2021
Failure pred model 1, ended at Tue Aug 24 00:37:05 UTC 2021
Failure pred model 1, started at Wed Aug 25 00:30:01 UTC 2021
Failure pred model 1, ended at Wed Aug 25 00:40:27 UTC 2021
Failure pred model 1, started at Thu Aug 26 00:30:01 UTC 2021
Failure pred model 1, ended at Thu Aug 26 00:37:39 UTC 2021
Failure pred model 1, started at Fri Aug 27 00:30:01 UTC 2021
Failure pred model 1, ended at Fri Aug 27 00:36:56 UTC 2021
Failure pred model 1, started at Sat Aug 28 00:30:01 UTC 2021
Failure pred model 1, ended at Sat Aug 28 00:36:59 UTC 2021
Failure pred model 1, started at Sun Aug 29 00:30:01 UTC 2021
Failure pred model 1, ended at Sun Aug 29 00:39:32 UTC 2021
Failure pred model 1, started at Mon Aug 30 00:30:01 UTC 2021
Failure pred model 1, ended at Mon Aug 30 00:40:22 UTC 2021
Failure pred model 1, started at Tue Aug 31 00:30:01 UTC 2021
Failure pred model 1, ended at Tue Aug 31 00:36:50 UTC 2021
Failure pred model 1, started at Wed Sep  1 00:30:01 UTC 2021
Failure pred model 1, ended at Wed Sep  1 00:40:26 UTC 2021
Failure pred model 1, started at Thu Sep  2 00:30:01 UTC 2021
Failure pred model 1, ended at Thu Sep  2 00:40:12 UTC 2021
Failure pred model 1, started at Fri Sep  3 00:30:01 UTC 2021
Failure pred model 1, ended at Fri Sep  3 00:36:56 UTC 2021
Failure pred model 1, started at Sat Sep  4 00:30:01 UTC 2021
Failure pred model 1, ended at Sat Sep  4 00:36:58 UTC 2021
Failure pred model 1, started at Sun Sep  5 00:30:01 UTC 2021
Failure pred model 1, ended at Sun Sep  5 00:37:01 UTC 2021
Failure pred model 1, started at Mon Sep  6 00:30:01 UTC 2021
Failure pred model 1, ended at Mon Sep  6 00:37:03 UTC 2021
Failure pred model 1, started at Tue Sep  7 00:30:01 UTC 2021
Failure pred model 1, ended at Tue Sep  7 00:36:54 UTC 2021
Failure pred model 1, started at Wed Sep  8 00:30:01 UTC 2021
Failure pred model 1, ended at Wed Sep  8 00:37:08 UTC 2021
Failure pred model 1, started at Thu Sep  9 00:30:01 UTC 2021
Failure pred model 1, ended at Thu Sep  9 00:37:04 UTC 2021
Failure pred model 1, started at Fri Sep 10 00:30:01 UTC 2021
Failure pred model 1, ended at Fri Sep 10 00:37:10 UTC 2021
Failure pred model 1, started at Sat Sep 11 00:30:01 UTC 2021
Failure pred model 1, ended at Sat Sep 11 00:37:03 UTC 2021
Failure pred model 1, started at Sun Sep 12 00:30:01 UTC 2021
Failure pred model 1, ended at Sun Sep 12 00:37:04 UTC 2021
Failure pred model 1, started at Mon Sep 13 00:30:01 UTC 2021
Failure pred model 1, ended at Mon Sep 13 00:37:04 UTC 2021
Failure pred model 1, started at Tue Sep 14 00:30:01 UTC 2021
Failure pred model 1, ended at Tue Sep 14 00:37:01 UTC 2021
Failure pred model 1, started at Sat Sep 18 00:30:01 UTC 2021
Failure pred model 1, ended at Sat Sep 18 00:37:02 UTC 2021
Failure pred model 1, started at Sun Sep 19 00:30:01 UTC 2021
Failure pred model 1, ended at Sun Sep 19 00:37:01 UTC 2021
Failure pred model 1, started at Mon Sep 20 00:30:01 UTC 2021
Failure pred model 1, ended at Mon Sep 20 00:37:04 UTC 2021
Failure pred model 1, started at Thu Sep 30 00:30:01 UTC 2021
Failure pred model 1, ended at Thu Sep 30 00:37:18 UTC 2021
Failure pred model 1, started at Fri Oct  1 00:30:01 UTC 2021
Failure pred model 1, ended at Fri Oct  1 00:37:09 UTC 2021
Failure pred model 1, started at Sat Oct  2 00:30:01 UTC 2021
Failure pred model 1, ended at Sat Oct  2 00:37:11 UTC 2021
Failure pred model 1, started at Sun Oct  3 00:30:01 UTC 2021
Failure pred model 1, ended at Sun Oct  3 00:37:03 UTC 2021
Failure pred model 1, started at Mon Oct  4 00:30:01 UTC 2021
Failure pred model 1, ended at Mon Oct  4 00:37:13 UTC 2021
Failure pred model 1, started at Tue Oct  5 00:30:01 UTC 2021
Failure pred model 1, ended at Tue Oct  5 00:36:59 UTC 2021
Failure pred model 1, started at Wed Oct  6 00:30:01 UTC 2021
Failure pred model 1, ended at Wed Oct  6 00:37:01 UTC 2021
Failure pred model 1, started at Thu Oct  7 00:30:01 UTC 2021
Failure pred model 1, ended at Thu Oct  7 00:36:57 UTC 2021
Failure pred model 1, started at Fri Oct  8 00:30:01 UTC 2021
Failure pred model 1, ended at Fri Oct  8 00:37:09 UTC 2021
Failure pred model 1, started at Sat Oct  9 00:30:01 UTC 2021
Failure pred model 1, ended at Sat Oct  9 00:37:15 UTC 2021
Failure pred model 1, started at Sun Oct 10 00:30:01 UTC 2021
Failure pred model 1, ended at Sun Oct 10 00:37:10 UTC 2021
Failure pred model 1, started at Mon Oct 11 00:30:01 UTC 2021
Failure pred model 1, ended at Mon Oct 11 00:37:10 UTC 2021
Failure pred model 1, started at Tue Oct 12 00:30:01 UTC 2021
Failure pred model 1, ended at Tue Oct 12 00:38:13 UTC 2021
Failure pred model 1, started at Wed Oct 13 00:30:01 UTC 2021
Failure pred model 1, ended at Wed Oct 13 00:38:49 UTC 2021
Failure pred model 1, started at Thu Oct 14 00:30:01 UTC 2021
Failure pred model 1, ended at Thu Oct 14 00:37:49 UTC 2021
Failure pred model 1, started at Fri Oct 15 00:30:01 UTC 2021
Failure pred model 1, ended at Fri Oct 15 00:37:12 UTC 2021
Failure pred model 1, started at Sat Oct 16 00:30:01 UTC 2021
Failure pred model 1, ended at Sat Oct 16 00:37:03 UTC 2021
Failure pred model 1, started at Sun Oct 17 00:30:01 UTC 2021
Failure pred model 1, ended at Sun Oct 17 00:37:05 UTC 2021
Failure pred model 1, started at Mon Oct 18 00:30:01 UTC 2021
Failure pred model 1, ended at Mon Oct 18 00:35:07 UTC 2021
Failure pred model 1, started at Tue Oct 19 00:30:01 UTC 2021
Failure pred model 1, ended at Tue Oct 19 00:31:24 UTC 2021
Failure pred model 1, started at Wed Oct 20 00:30:01 UTC 2021
Failure pred model 1, ended at Wed Oct 20 00:34:27 UTC 2021
Failure pred model 1, started at Thu Oct 21 00:30:01 UTC 2021
Failure pred model 1, ended at Thu Oct 21 00:37:00 UTC 2021
Failure pred model 1, started at Fri Oct 22 00:30:01 UTC 2021
Failure pred model 1, ended at Fri Oct 22 00:37:06 UTC 2021
Failure pred model 1, started at Sat Oct 23 00:30:01 UTC 2021
Failure pred model 1, ended at Sat Oct 23 00:37:08 UTC 2021
Failure pred model 1, started at Sun Oct 24 00:30:01 UTC 2021
Failure pred model 1, ended at Sun Oct 24 00:36:49 UTC 2021
Failure pred model 1, started at Mon Oct 25 00:30:01 UTC 2021
Failure pred model 1, ended at Mon Oct 25 00:37:00 UTC 2021
Failure pred model 1, started at Tue Oct 26 00:30:01 UTC 2021
Failure pred model 1, ended at Tue Oct 26 00:36:31 UTC 2021
Failure pred model 1, started at Wed Oct 27 00:30:01 UTC 2021
Failure pred model 1, ended at Wed Oct 27 00:36:42 UTC 2021
Failure pred model 1, started at Thu Oct 28 00:30:01 UTC 2021
Failure pred model 1, ended at Thu Oct 28 00:36:11 UTC 2021
Failure pred model 1, started at Fri Oct 29 00:30:01 UTC 2021
Failure pred model 1, ended at Fri Oct 29 00:35:37 UTC 2021
Failure pred model 1, started at Sat Oct 30 00:30:01 UTC 2021
Failure pred model 1, ended at Sat Oct 30 00:36:26 UTC 2021
Failure pred model 1, started at Sun Oct 31 00:30:01 UTC 2021
Failure pred model 1, ended at Sun Oct 31 00:36:11 UTC 2021
Failure pred model 1, started at Mon Nov  1 00:30:02 UTC 2021
Failure pred model 1, ended at Mon Nov  1 00:36:31 UTC 2021
Failure pred model 1, started at Tue Nov  2 00:30:01 UTC 2021
Failure pred model 1, ended at Tue Nov  2 00:36:49 UTC 2021
Failure pred model 1, started at Wed Nov  3 00:30:01 UTC 2021
Failure pred model 1, ended at Wed Nov  3 00:37:07 UTC 2021
Failure pred model 1, started at Thu Nov  4 00:30:01 UTC 2021
Failure pred model 1, ended at Thu Nov  4 00:36:52 UTC 2021
Failure pred model 1, started at Fri Nov  5 00:30:01 UTC 2021
Failure pred model 1, ended at Fri Nov  5 00:36:58 UTC 2021
Failure pred model 1, started at Sat Nov  6 00:30:01 UTC 2021
Failure pred model 1, ended at Sat Nov  6 00:35:55 UTC 2021
Failure pred model 1, started at Sun Nov  7 00:30:01 UTC 2021
Failure pred model 1, ended at Sun Nov  7 00:36:45 UTC 2021
Failure pred model 1, started at Mon Nov  8 00:30:01 UTC 2021
Failure pred model 1, ended at Mon Nov  8 00:36:55 UTC 2021
Failure pred model 1, started at Tue Nov  9 00:30:01 UTC 2021
Failure pred model 1, ended at Tue Nov  9 00:36:49 UTC 2021
Failure pred model 1, started at Wed Nov 10 00:30:01 UTC 2021
Failure pred model 1, ended at Wed Nov 10 00:36:14 UTC 2021
Failure pred model 1, started at Thu Nov 11 00:30:01 UTC 2021
Failure pred model 1, ended at Thu Nov 11 00:36:36 UTC 2021
Failure pred model 1, started at Fri Nov 12 00:30:01 UTC 2021
Failure pred model 1, ended at Fri Nov 12 00:34:28 UTC 2021
Failure pred model 1, started at Sat Nov 13 00:30:01 UTC 2021
Failure pred model 1, ended at Sat Nov 13 00:32:16 UTC 2021
Failure pred model 1, started at Sun Nov 14 00:30:01 UTC 2021
Failure pred model 1, ended at Sun Nov 14 00:33:04 UTC 2021
Failure pred model 1, started at Mon Nov 15 00:30:01 UTC 2021
Failure pred model 1, ended at Mon Nov 15 00:35:50 UTC 2021
Failure pred model 1, started at Tue Nov 16 00:30:01 UTC 2021
Failure pred model 1, ended at Tue Nov 16 00:36:56 UTC 2021
Failure pred model 1, started at Wed Nov 17 00:30:01 UTC 2021
Failure pred model 1, ended at Wed Nov 17 00:37:07 UTC 2021
Failure pred model 1, started at Thu Nov 18 00:30:01 UTC 2021
Failure pred model 1, ended at Thu Nov 18 00:36:07 UTC 2021
Failure pred model 1, started at Fri Nov 19 00:30:01 UTC 2021
Failure pred model 1, ended at Fri Nov 19 00:33:14 UTC 2021
Failure pred model 1, started at Sat Nov 20 00:30:02 UTC 2021
Failure pred model 1, ended at Sat Nov 20 00:35:14 UTC 2021
Failure pred model 1, started at Sun Nov 21 00:30:01 UTC 2021
Failure pred model 1, ended at Sun Nov 21 00:32:39 UTC 2021
Failure pred model 1, started at Mon Nov 22 00:30:01 UTC 2021
Failure pred model 1, ended at Mon Nov 22 00:33:53 UTC 2021
Failure pred model 1, started at Tue Nov 23 00:30:01 UTC 2021
Failure pred model 1, ended at Tue Nov 23 00:36:04 UTC 2021
Failure pred model 1, started at Wed Nov 24 00:30:01 UTC 2021
Failure pred model 1, ended at Wed Nov 24 00:34:47 UTC 2021
Failure pred model 1, started at Thu Nov 25 00:30:01 UTC 2021
Failure pred model 1, ended at Thu Nov 25 00:36:50 UTC 2021
Failure pred model 1, started at Fri Nov 26 00:30:01 UTC 2021
Failure pred model 1, ended at Fri Nov 26 00:35:45 UTC 2021
Failure pred model 1, started at Sat Nov 27 00:30:01 UTC 2021
Failure pred model 1, ended at Sat Nov 27 00:35:44 UTC 2021
Failure pred model 1, started at Sun Nov 28 00:30:01 UTC 2021
Failure pred model 1, ended at Sun Nov 28 00:33:59 UTC 2021
Failure pred model 1, started at Mon Nov 29 00:30:01 UTC 2021
Failure pred model 1, ended at Mon Nov 29 00:31:24 UTC 2021
Failure pred model 1, started at Tue Nov 30 00:30:01 UTC 2021
Failure pred model 1, ended at Tue Nov 30 00:32:45 UTC 2021
Failure pred model 1, started at Wed Dec  1 00:30:01 UTC 2021
Failure pred model 1, ended at Wed Dec  1 00:33:09 UTC 2021
Failure pred model 1, started at Thu Dec  2 00:30:01 UTC 2021
Failure pred model 1, ended at Thu Dec  2 00:35:41 UTC 2021
Failure pred model 1, started at Fri Dec  3 00:30:01 UTC 2021
Failure pred model 1, ended at Fri Dec  3 00:36:55 UTC 2021
Failure pred model 1, started at Sat Dec  4 00:30:01 UTC 2021
Failure pred model 1, ended at Sat Dec  4 00:36:44 UTC 2021
Failure pred model 1, started at Sun Dec  5 00:30:01 UTC 2021
Failure pred model 1, ended at Sun Dec  5 00:36:32 UTC 2021
Failure pred model 1, started at Mon Dec  6 00:30:01 UTC 2021
Failure pred model 1, ended at Mon Dec  6 00:36:42 UTC 2021
Failure pred model 1, started at Tue Dec  7 00:30:01 UTC 2021
Failure pred model 1, ended at Tue Dec  7 00:36:58 UTC 2021
Failure pred model 1, started at Wed Dec  8 00:30:01 UTC 2021
Failure pred model 1, ended at Wed Dec  8 00:36:37 UTC 2021
Failure pred model 1, started at Thu Dec  9 00:30:01 UTC 2021
Failure pred model 1, ended at Thu Dec  9 00:36:49 UTC 2021
Failure pred model 1, started at Fri Dec 10 00:30:01 UTC 2021
Failure pred model 1, ended at Fri Dec 10 00:36:50 UTC 2021
Failure pred model 1, started at Sat Dec 11 00:30:01 UTC 2021
Failure pred model 1, ended at Sat Dec 11 00:36:37 UTC 2021
Failure pred model 1, started at Sun Dec 12 00:30:01 UTC 2021
Failure pred model 1, ended at Sun Dec 12 00:36:47 UTC 2021
Failure pred model 1, started at Mon Dec 13 00:30:01 UTC 2021
Failure pred model 1, ended at Mon Dec 13 00:36:45 UTC 2021
Failure pred model 1, started at Tue Dec 14 00:30:01 UTC 2021
Failure pred model 1, ended at Tue Dec 14 00:36:54 UTC 2021
Failure pred model 1, started at Wed Dec 15 00:30:01 UTC 2021
Failure pred model 1, ended at Wed Dec 15 00:37:02 UTC 2021
Failure pred model 1, started at Thu Dec 16 00:30:01 UTC 2021
Failure pred model 1, ended at Thu Dec 16 00:36:50 UTC 2021
Failure pred model 1, started at Fri Dec 17 00:30:01 UTC 2021
Failure pred model 1, ended at Fri Dec 17 00:36:55 UTC 2021
Failure pred model 1, started at Sat Dec 18 00:30:01 UTC 2021
Failure pred model 1, ended at Sat Dec 18 00:36:56 UTC 2021
Failure pred model 1, started at Sun Dec 19 00:30:01 UTC 2021
Failure pred model 1, ended at Sun Dec 19 00:36:41 UTC 2021
Failure pred model 1, started at Mon Dec 20 00:30:01 UTC 2021
Failure pred model 1, ended at Mon Dec 20 00:36:41 UTC 2021
Failure pred model 1, started at Tue Dec 21 00:30:01 UTC 2021
Failure pred model 1, ended at Tue Dec 21 00:36:48 UTC 2021
Failure pred model 1, started at Wed Dec 22 00:30:01 UTC 2021
Failure pred model 1, ended at Wed Dec 22 00:37:09 UTC 2021
Failure pred model 1, started at Thu Dec 23 00:30:01 UTC 2021
Failure pred model 1, ended at Thu Dec 23 00:37:00 UTC 2021
Failure pred model 1, started at Fri Dec 24 00:30:01 UTC 2021
Failure pred model 1, ended at Fri Dec 24 00:36:37 UTC 2021
Failure pred model 1, started at Sat Dec 25 00:30:01 UTC 2021
Failure pred model 1, ended at Sat Dec 25 00:36:26 UTC 2021
Failure pred model 1, started at Sun Dec 26 00:30:01 UTC 2021
Failure pred model 1, ended at Sun Dec 26 00:36:50 UTC 2021
Failure pred model 1, started at Mon Dec 27 00:30:01 UTC 2021
Failure pred model 1, ended at Mon Dec 27 00:36:47 UTC 2021
Failure pred model 1, started at Tue Dec 28 00:30:01 UTC 2021
Failure pred model 1, ended at Tue Dec 28 00:36:53 UTC 2021
Failure pred model 1, started at Wed Dec 29 00:30:01 UTC 2021
Failure pred model 1, ended at Wed Dec 29 00:37:28 UTC 2021
Failure pred model 1, started at Thu Dec 30 00:30:01 UTC 2021
Failure pred model 1, ended at Thu Dec 30 00:37:02 UTC 2021
Failure pred model 1, started at Fri Dec 31 00:30:01 UTC 2021
Failure pred model 1, ended at Fri Dec 31 00:37:15 UTC 2021
Failure pred model 1, started at Sat Jan  1 00:30:01 UTC 2022
Failure pred model 1, ended at Sat Jan  1 00:37:00 UTC 2022
Failure pred model 1, started at Sun Jan  2 00:30:01 UTC 2022
Failure pred model 1, ended at Sun Jan  2 00:37:05 UTC 2022
Failure pred model 1, started at Mon Jan  3 00:30:01 UTC 2022
Failure pred model 1, ended at Mon Jan  3 00:36:58 UTC 2022
Failure pred model 1, started at Tue Jan  4 00:30:01 UTC 2022
Failure pred model 1, ended at Tue Jan  4 00:37:11 UTC 2022
Failure pred model 1, started at Wed Jan  5 00:30:01 UTC 2022
Failure pred model 1, ended at Wed Jan  5 00:38:06 UTC 2022
Failure pred model 1, started at Thu Jan  6 00:30:02 UTC 2022
Failure pred model 1, ended at Thu Jan  6 00:38:06 UTC 2022
Failure pred model 1, started at Fri Jan  7 00:30:01 UTC 2022
Failure pred model 1, ended at Fri Jan  7 00:37:23 UTC 2022
Failure pred model 1, started at Sat Jan  8 00:30:01 UTC 2022
Failure pred model 1, ended at Sat Jan  8 00:37:57 UTC 2022
Failure pred model 1, started at Sun Jan  9 00:30:01 UTC 2022
Failure pred model 1, ended at Sun Jan  9 00:37:37 UTC 2022
Failure pred model 1, started at Mon Jan 10 00:30:01 UTC 2022
Failure pred model 1, ended at Mon Jan 10 00:37:35 UTC 2022
Failure pred model 1, started at Tue Jan 11 00:30:01 UTC 2022
Failure pred model 1, ended at Tue Jan 11 00:37:22 UTC 2022
Failure pred model 1, started at Wed Jan 12 00:30:01 UTC 2022
Failure pred model 1, ended at Wed Jan 12 00:38:01 UTC 2022
Failure pred model 1, started at Thu Jan 13 00:30:01 UTC 2022
Failure pred model 1, ended at Thu Jan 13 00:37:43 UTC 2022
Failure pred model 1, started at Fri Jan 14 00:30:01 UTC 2022
Failure pred model 1, ended at Fri Jan 14 00:37:50 UTC 2022
Failure pred model 1, started at Sat Jan 15 00:30:01 UTC 2022
Failure pred model 1, ended at Sat Jan 15 00:38:00 UTC 2022
Failure pred model 1, started at Sun Jan 16 00:30:01 UTC 2022
Failure pred model 1, ended at Sun Jan 16 00:38:00 UTC 2022
Failure pred model 1, started at Mon Jan 17 00:30:01 UTC 2022
Failure pred model 1, ended at Mon Jan 17 00:37:43 UTC 2022
Failure pred model 1, started at Tue Jan 18 00:30:01 UTC 2022
Failure pred model 1, ended at Tue Jan 18 00:37:40 UTC 2022
Failure pred model 1, started at Wed Jan 19 00:30:01 UTC 2022
Failure pred model 1, ended at Wed Jan 19 00:37:36 UTC 2022
Failure pred model 1, started at Thu Jan 20 00:30:01 UTC 2022
Failure pred model 1, ended at Thu Jan 20 00:37:29 UTC 2022
Failure pred model 1, started at Fri Jan 21 00:30:01 UTC 2022
Failure pred model 1, ended at Fri Jan 21 00:37:38 UTC 2022
Failure pred model 1, started at Sat Jan 22 00:30:01 UTC 2022
Failure pred model 1, ended at Sat Jan 22 00:37:38 UTC 2022
Failure pred model 1, started at Sun Jan 23 00:30:01 UTC 2022
Failure pred model 1, ended at Sun Jan 23 00:37:42 UTC 2022
Failure pred model 1, started at Mon Jan 24 00:30:01 UTC 2022
Failure pred model 1, ended at Mon Jan 24 00:37:48 UTC 2022
Failure pred model 1, started at Tue Jan 25 00:30:01 UTC 2022
Failure pred model 1, ended at Tue Jan 25 00:37:47 UTC 2022
Failure pred model 1, started at Wed Jan 26 00:30:01 UTC 2022
Failure pred model 1, ended at Wed Jan 26 00:37:16 UTC 2022
Failure pred model 1, started at Thu Jan 27 00:30:01 UTC 2022
Failure pred model 1, ended at Thu Jan 27 00:36:56 UTC 2022
Failure pred model 1, started at Fri Jan 28 00:30:01 UTC 2022
Failure pred model 1, ended at Fri Jan 28 00:37:08 UTC 2022
Failure pred model 1, started at Sat Jan 29 00:30:01 UTC 2022
Failure pred model 1, ended at Sat Jan 29 00:37:20 UTC 2022
Failure pred model 1, started at Sun Jan 30 00:30:01 UTC 2022
Failure pred model 1, ended at Sun Jan 30 00:37:14 UTC 2022
Failure pred model 1, started at Mon Jan 31 00:30:01 UTC 2022
Failure pred model 1, ended at Mon Jan 31 00:37:18 UTC 2022
Failure pred model 1, started at Tue Feb  1 00:30:01 UTC 2022
Failure pred model 1, ended at Tue Feb  1 00:37:09 UTC 2022
Failure pred model 1, started at Wed Feb  2 00:30:01 UTC 2022
Failure pred model 1, ended at Wed Feb  2 00:37:16 UTC 2022
Failure pred model 1, started at Thu Feb  3 00:30:01 UTC 2022
Failure pred model 1, ended at Thu Feb  3 00:37:18 UTC 2022
Failure pred model 1, started at Fri Feb  4 00:30:01 UTC 2022
Failure pred model 1, ended at Fri Feb  4 00:37:08 UTC 2022
Failure pred model 1, started at Sat Feb  5 00:30:01 UTC 2022
Failure pred model 1, ended at Sat Feb  5 00:37:17 UTC 2022
Failure pred model 1, started at Sun Feb  6 00:30:01 UTC 2022
Failure pred model 1, ended at Sun Feb  6 00:37:25 UTC 2022
Failure pred model 1, started at Mon Feb  7 00:30:01 UTC 2022
Failure pred model 1, ended at Mon Feb  7 00:37:19 UTC 2022
Failure pred model 1, started at Tue Feb  8 00:30:01 UTC 2022
Failure pred model 1, ended at Tue Feb  8 00:37:52 UTC 2022
Failure pred model 1, started at Wed Feb  9 00:30:01 UTC 2022
Failure pred model 1, ended at Wed Feb  9 00:37:49 UTC 2022
Failure pred model 1, started at Thu Feb 10 00:30:01 UTC 2022
Failure pred model 1, ended at Thu Feb 10 00:37:23 UTC 2022
Failure pred model 1, started at Fri Feb 11 00:30:01 UTC 2022
Failure pred model 1, ended at Fri Feb 11 00:35:45 UTC 2022
Failure pred model 1, started at Sat Feb 12 00:30:01 UTC 2022
Failure pred model 1, ended at Sat Feb 12 00:35:29 UTC 2022
Failure pred model 1, started at Sun Feb 13 00:30:01 UTC 2022
Failure pred model 1, ended at Sun Feb 13 00:36:27 UTC 2022
Failure pred model 1, started at Mon Feb 14 00:30:01 UTC 2022
Failure pred model 1, ended at Mon Feb 14 00:31:41 UTC 2022
Failure pred model 1, started at Tue Feb 15 00:30:01 UTC 2022
Failure pred model 1, ended at Tue Feb 15 00:31:43 UTC 2022
Failure pred model 1, started at Wed Feb 16 00:30:01 UTC 2022
Failure pred model 1, ended at Wed Feb 16 00:32:54 UTC 2022
Failure pred model 1, started at Thu Feb 17 00:30:01 UTC 2022
Failure pred model 1, ended at Thu Feb 17 00:34:24 UTC 2022
Failure pred model 1, started at Fri Feb 18 00:30:02 UTC 2022
Failure pred model 1, ended at Fri Feb 18 00:37:16 UTC 2022
Failure pred model 1, started at Sat Feb 19 00:30:01 UTC 2022
Failure pred model 1, ended at Sat Feb 19 00:37:26 UTC 2022
Failure pred model 1, started at Sun Feb 20 00:30:01 UTC 2022
Failure pred model 1, ended at Sun Feb 20 00:37:40 UTC 2022
Failure pred model 1, started at Mon Feb 21 00:30:01 UTC 2022
Failure pred model 1, ended at Mon Feb 21 00:37:39 UTC 2022
Failure pred model 1, started at Tue Feb 22 00:30:01 UTC 2022
Failure pred model 1, ended at Tue Feb 22 00:37:18 UTC 2022
Failure pred model 1, started at Wed Feb 23 00:30:01 UTC 2022
Failure pred model 1, ended at Wed Feb 23 00:37:28 UTC 2022
Failure pred model 1, started at Thu Feb 24 00:30:01 UTC 2022
Failure pred model 1, ended at Thu Feb 24 00:37:43 UTC 2022
Failure pred model 1, started at Fri Feb 25 00:30:01 UTC 2022
Failure pred model 1, ended at Fri Feb 25 00:37:29 UTC 2022
Failure pred model 1, started at Sat Feb 26 00:30:01 UTC 2022
Failure pred model 1, ended at Sat Feb 26 00:37:10 UTC 2022
Failure pred model 1, started at Sun Feb 27 00:30:01 UTC 2022
Failure pred model 1, ended at Sun Feb 27 00:38:05 UTC 2022
Failure pred model 1, started at Mon Feb 28 00:30:01 UTC 2022
Failure pred model 1, ended at Mon Feb 28 00:35:07 UTC 2022
Failure pred model 1, started at Tue Mar  1 00:30:01 UTC 2022
Failure pred model 1, ended at Tue Mar  1 00:31:43 UTC 2022
Failure pred model 1, started at Wed Mar  2 00:30:01 UTC 2022
Failure pred model 1, ended at Wed Mar  2 00:34:31 UTC 2022
Failure pred model 1, started at Thu Mar  3 00:30:01 UTC 2022
Failure pred model 1, ended at Thu Mar  3 00:38:58 UTC 2022
Failure pred model 1, started at Fri Mar  4 00:30:01 UTC 2022
Failure pred model 1, ended at Fri Mar  4 00:37:24 UTC 2022
Failure pred model 1, started at Sat Mar  5 00:30:02 UTC 2022
Failure pred model 1, ended at Sat Mar  5 00:38:40 UTC 2022
Failure pred model 1, started at Sun Mar  6 00:30:01 UTC 2022
Failure pred model 1, ended at Sun Mar  6 00:38:41 UTC 2022
Failure pred model 1, started at Mon Mar  7 00:30:01 UTC 2022
Failure pred model 1, ended at Mon Mar  7 04:05:19 UTC 2022
Failure pred model 1, started at Tue Mar  8 00:30:01 UTC 2022
Failure pred model 1, ended at Tue Mar  8 00:37:45 UTC 2022
Failure pred model 1, started at Wed Mar  9 00:30:01 UTC 2022
Failure pred model 1, ended at Wed Mar  9 00:38:17 UTC 2022
Failure pred model 1, started at Thu Mar 10 00:30:01 UTC 2022
Failure pred model 1, ended at Thu Mar 10 10:15:17 UTC 2022
Failure pred model 1, started at Sat Mar 12 00:30:01 UTC 2022
Failure pred model 1, ended at Sat Mar 12 00:37:41 UTC 2022
Failure pred model 1, started at Sun Mar 13 00:30:01 UTC 2022
Failure pred model 1, ended at Sun Mar 13 00:37:44 UTC 2022
Failure pred model 1, started at Mon Mar 14 00:30:01 UTC 2022
Failure pred model 1, ended at Mon Mar 14 00:38:32 UTC 2022
Failure pred model 1, started at Tue Mar 15 00:30:01 UTC 2022
Failure pred model 1, ended at Tue Mar 15 00:37:27 UTC 2022
Failure pred model 1, started at Wed Mar 16 00:30:01 UTC 2022
Failure pred model 1, ended at Wed Mar 16 00:38:02 UTC 2022
Failure pred model 1, started at Thu Mar 17 00:30:01 UTC 2022
Failure pred model 1, ended at Thu Mar 17 00:38:16 UTC 2022
Failure pred model 1, started at Fri Mar 18 00:30:01 UTC 2022
Failure pred model 1, ended at Fri Mar 18 00:38:31 UTC 2022
Failure pred model 1, started at Sat Mar 19 00:30:01 UTC 2022
Failure pred model 1, ended at Sat Mar 19 00:38:17 UTC 2022
Failure pred model 1, started at Sun Mar 20 00:30:01 UTC 2022
Failure pred model 1, ended at Sun Mar 20 00:37:52 UTC 2022
Failure pred model 1, started at Mon Mar 21 00:30:01 UTC 2022
Failure pred model 1, ended at Mon Mar 21 01:47:54 UTC 2022
Failure pred model 1, started at Tue Mar 22 00:30:02 UTC 2022
Failure pred model 1, ended at Tue Mar 22 00:37:45 UTC 2022
Failure pred model 1, started at Wed Mar 23 00:30:01 UTC 2022
Failure pred model 1, ended at Wed Mar 23 07:27:32 UTC 2022
Failure pred model 1, started at Thu Mar 24 00:30:02 UTC 2022
Failure pred model 1, ended at Thu Mar 24 00:37:45 UTC 2022
Failure pred model 1, started at Fri Mar 25 00:30:01 UTC 2022
Failure pred model 1, ended at Fri Mar 25 00:38:25 UTC 2022
Failure pred model 1, started at Sat Mar 26 00:30:01 UTC 2022
Failure pred model 1, ended at Sat Mar 26 00:38:29 UTC 2022
Failure pred model 1, started at Sun Mar 27 00:30:01 UTC 2022
Failure pred model 1, ended at Sun Mar 27 00:38:43 UTC 2022
Failure pred model 1, started at Mon Mar 28 00:30:01 UTC 2022
Failure pred model 1, ended at Mon Mar 28 00:44:45 UTC 2022
Failure pred model 1, started at Tue Mar 29 00:30:01 UTC 2022
Failure pred model 1, ended at Tue Mar 29 00:38:26 UTC 2022
Failure pred model 1, started at Wed Mar 30 00:30:01 UTC 2022
Failure pred model 1, ended at Wed Mar 30 00:38:49 UTC 2022
Failure pred model 1, started at Thu Mar 31 00:30:01 UTC 2022
Failure pred model 1, ended at Thu Mar 31 00:39:14 UTC 2022
Failure pred model 1, started at Fri Apr  1 00:30:01 UTC 2022
Failure pred model 1, ended at Fri Apr  1 00:38:29 UTC 2022
Failure pred model 1, started at Sat Apr  2 00:30:01 UTC 2022
Failure pred model 1, ended at Sat Apr  2 13:20:30 UTC 2022
Failure pred model 1, started at Sun Apr  3 00:30:02 UTC 2022
Failure pred model 1, ended at Sun Apr  3 00:39:11 UTC 2022
Failure pred model 1, started at Tue Apr  5 00:30:01 UTC 2022
Failure pred model 1, started at Sat Apr  9 00:30:01 UTC 2022
Failure pred model 1, ended at Sat Apr  9 00:37:36 UTC 2022
Failure pred model 1, started at Sun Apr 10 00:30:01 UTC 2022
Failure pred model 1, ended at Sun Apr 10 02:21:08 UTC 2022
Failure pred model 1, started at Tue Apr 12 00:30:02 UTC 2022
Failure pred model 1, ended at Tue Apr 12 00:38:34 UTC 2022
Failure pred model 1, started at Wed Apr 13 00:30:01 UTC 2022
Failure pred model 1, ended at Wed Apr 13 00:40:53 UTC 2022
Failure pred model 1, started at Thu Apr 14 00:30:01 UTC 2022
Failure pred model 1, ended at Thu Apr 14 00:40:59 UTC 2022
Failure pred model 1, started at Fri Apr 15 00:30:01 UTC 2022
Failure pred model 1, ended at Fri Apr 15 00:40:31 UTC 2022
Failure pred model 1, started at Sat Apr 16 00:30:01 UTC 2022
Failure pred model 1, ended at Sat Apr 16 00:47:14 UTC 2022
Failure pred model 1, started at Sun Apr 17 00:30:01 UTC 2022
Failure pred model 1, ended at Sun Apr 17 02:59:49 UTC 2022
Failure pred model 1, started at Mon Apr 18 00:30:01 UTC 2022
Failure pred model 1, ended at Mon Apr 18 06:16:13 UTC 2022
Failure pred model 1, started at Tue Apr 19 01:12:15 UTC 2022
Failure pred model 1, started at Wed Apr 20 00:30:01 UTC 2022
Failure pred model 1, ended at Wed Apr 20 00:40:16 UTC 2022
Failure pred model 1, started at Thu Apr 21 00:30:01 UTC 2022
Failure pred model 1, ended at Thu Apr 21 00:38:11 UTC 2022
Failure pred model 1, started at Fri Apr 22 00:30:01 UTC 2022
Failure pred model 1, ended at Fri Apr 22 00:48:05 UTC 2022
Failure pred model 1, started at Sat Apr 23 00:30:02 UTC 2022
Failure pred model 1, ended at Sat Apr 23 00:43:21 UTC 2022
Failure pred model 1, started at Sun Apr 24 00:30:01 UTC 2022
Failure pred model 1, ended at Sun Apr 24 14:43:48 UTC 2022
Failure pred model 1, started at Mon Apr 25 00:30:01 UTC 2022
Failure pred model 1, ended at Mon Apr 25 03:37:20 UTC 2022
Failure pred model 1, started at Tue Apr 26 01:44:31 UTC 2022
Failure pred model 1, started at Wed Apr 27 02:04:23 UTC 2022
Failure pred model 1, started at Thu Apr 28 01:41:49 UTC 2022
Failure pred model 1, started at Fri Apr 29 04:16:59 UTC 2022
Failure pred model 1, started at Sun May  1 11:12:04 UTC 2022
Failure pred model 1, started at Sun May  1 11:12:52 UTC 2022
Failure pred model 1, started at Mon May  2 09:16:12 UTC 2022
Failure pred model 1, started at Tue May  3 04:15:53 UTC 2022
Failure pred model 1, started at Wed May  4 00:30:01 UTC 2022
Failure pred model 1, ended at Wed May  4 00:39:02 UTC 2022
Failure pred model 1, started at Thu May  5 00:30:01 UTC 2022
Failure pred model 1, ended at Thu May  5 00:44:11 UTC 2022
Failure pred model 1, started at Fri May  6 00:30:01 UTC 2022
Failure pred model 1, ended at Fri May  6 07:51:54 UTC 2022
Failure pred model 1, started at Mon May  9 02:31:41 UTC 2022
Failure pred model 1, started at Tue May 10 00:30:01 UTC 2022
Failure pred model 1, ended at Tue May 10 00:31:39 UTC 2022
Failure pred model 1, started at Wed May 11 00:30:01 UTC 2022
Failure pred model 1, ended at Wed May 11 00:35:48 UTC 2022
Failure pred model 1, started at Thu May 12 00:30:01 UTC 2022
Failure pred model 1, ended at Thu May 12 00:38:06 UTC 2022
Failure pred model 1, started at Fri May 13 00:30:02 UTC 2022
Failure pred model 1, ended at Fri May 13 00:37:45 UTC 2022
Failure pred model 1, started at Sat May 14 00:30:01 UTC 2022
Failure pred model 1, ended at Sat May 14 00:38:03 UTC 2022
Failure pred model 1, started at Sun May 15 00:30:01 UTC 2022
Failure pred model 1, ended at Sun May 15 00:37:12 UTC 2022
Failure pred model 1, started at Mon May 16 00:30:01 UTC 2022
Failure pred model 1, ended at Mon May 16 00:37:11 UTC 2022
Failure pred model 1, started at Tue May 17 00:30:01 UTC 2022
Failure pred model 1, ended at Tue May 17 00:37:45 UTC 2022
Failure pred model 1, started at Wed May 18 00:30:01 UTC 2022
Failure pred model 1, ended at Wed May 18 00:38:13 UTC 2022
Failure pred model 1, started at Thu May 19 00:30:01 UTC 2022
Failure pred model 1, ended at Thu May 19 00:38:05 UTC 2022
Failure pred model 1, started at Fri May 20 00:30:01 UTC 2022
Failure pred model 1, ended at Fri May 20 00:40:49 UTC 2022
Failure pred model 1, started at Sat May 21 00:30:01 UTC 2022
Failure pred model 1, ended at Sat May 21 00:37:26 UTC 2022
Failure pred model 1, started at Sun May 22 00:30:02 UTC 2022
Failure pred model 1, ended at Sun May 22 00:38:06 UTC 2022
Failure pred model 1, started at Mon May 23 00:30:01 UTC 2022
Failure pred model 1, ended at Mon May 23 00:33:48 UTC 2022
Failure pred model 1, started at Tue May 24 00:30:01 UTC 2022
Failure pred model 1, ended at Tue May 24 00:36:07 UTC 2022
Failure pred model 1, started at Wed May 25 00:30:01 UTC 2022
Failure pred model 1, ended at Wed May 25 04:56:47 UTC 2022
Failure pred model 1, started at Thu May 26 00:47:35 UTC 2022
Failure pred model 1, started at Fri May 27 00:30:01 UTC 2022
Failure pred model 1, ended at Fri May 27 00:37:33 UTC 2022
Failure pred model 1, started at Sat May 28 00:30:02 UTC 2022
Failure pred model 1, ended at Sat May 28 00:37:42 UTC 2022
Failure pred model 1, started at Sun May 29 00:30:01 UTC 2022
Failure pred model 1, ended at Sun May 29 02:18:23 UTC 2022
Failure pred model 1, started at Mon May 30 01:04:07 UTC 2022
Failure pred model 1, started at Tue May 31 01:50:09 UTC 2022
Failure pred model 1, started at Wed Jun  1 00:30:01 UTC 2022
Failure pred model 1, ended at Wed Jun  1 00:35:08 UTC 2022
Failure pred model 1, started at Thu Jun  2 00:30:01 UTC 2022
Failure pred model 1, ended at Thu Jun  2 00:34:30 UTC 2022
Failure pred model 1, started at Fri Jun  3 00:30:01 UTC 2022
Failure pred model 1, ended at Fri Jun  3 00:38:10 UTC 2022
Failure pred model 1, started at Sat Jun  4 00:30:02 UTC 2022
Failure pred model 1, ended at Sat Jun  4 00:38:12 UTC 2022
Failure pred model 1, started at Sun Jun  5 00:30:01 UTC 2022
Failure pred model 1, ended at Sun Jun  5 00:37:39 UTC 2022
Failure pred model 1, started at Mon Jun  6 00:30:01 UTC 2022
Failure pred model 1, ended at Mon Jun  6 00:37:19 UTC 2022
Failure pred model 1, started at Tue Jun  7 00:30:01 UTC 2022
Failure pred model 1, ended at Tue Jun  7 00:37:51 UTC 2022
Failure pred model 1, started at Wed Jun  8 00:30:01 UTC 2022
Failure pred model 1, ended at Wed Jun  8 00:38:15 UTC 2022
Failure pred model 1, started at Thu Jun  9 00:30:01 UTC 2022
Failure pred model 1, ended at Thu Jun  9 00:38:24 UTC 2022
Failure pred model 1, started at Fri Jun 10 00:30:01 UTC 2022
Failure pred model 1, started at Sat Jun 11 00:30:01 UTC 2022
Failure pred model 1, ended at Sat Jun 11 12:12:03 UTC 2022
Failure pred model 1, started at Sun Jun 12 01:12:59 UTC 2022
Failure pred model 1, ended at Sun Jun 12 04:14:23 UTC 2022
Failure pred model 1, started at Mon Jun 13 00:30:01 UTC 2022
Failure pred model 1, ended at Mon Jun 13 00:37:16 UTC 2022
Failure pred model 1, started at Tue Jun 14 00:30:01 UTC 2022
Failure pred model 1, ended at Tue Jun 14 00:38:30 UTC 2022
Failure pred model 1, started at Wed Jun 15 00:30:01 UTC 2022
Failure pred model 1, ended at Wed Jun 15 00:38:47 UTC 2022
Failure pred model 1, started at Thu Jun 16 00:30:01 UTC 2022
Failure pred model 1, ended at Thu Jun 16 00:38:43 UTC 2022
Failure pred model 1, started at Fri Jun 17 00:30:01 UTC 2022
Failure pred model 1, ended at Fri Jun 17 00:36:30 UTC 2022
Failure pred model 1, started at Sat Jun 18 00:30:01 UTC 2022
Failure pred model 1, ended at Sat Jun 18 00:36:23 UTC 2022
Failure pred model 1, started at Sun Jun 19 00:30:01 UTC 2022
Failure pred model 1, ended at Sun Jun 19 00:37:24 UTC 2022
Failure pred model 1, started at Mon Jun 20 00:30:01 UTC 2022
Failure pred model 1, ended at Mon Jun 20 00:35:45 UTC 2022
Failure pred model 1, started at Tue Jun 21 00:30:01 UTC 2022
Failure pred model 1, ended at Tue Jun 21 00:37:15 UTC 2022
Failure pred model 1, started at Wed Jun 22 00:30:01 UTC 2022
Failure pred model 1, ended at Wed Jun 22 00:37:55 UTC 2022
Failure pred model 1, started at Thu Jun 23 00:30:02 UTC 2022
Failure pred model 1, ended at Thu Jun 23 00:37:55 UTC 2022
Failure pred model 1, started at Fri Jun 24 00:30:01 UTC 2022
Failure pred model 1, ended at Fri Jun 24 00:38:16 UTC 2022
Failure pred model 1, started at Sat Jun 25 00:30:01 UTC 2022
Failure pred model 1, ended at Sat Jun 25 00:38:30 UTC 2022
Failure pred model 1, started at Sun Jun 26 00:30:01 UTC 2022
Failure pred model 1, ended at Sun Jun 26 00:38:05 UTC 2022
Failure pred model 1, started at Mon Jun 27 00:30:02 UTC 2022
Failure pred model 1, ended at Mon Jun 27 00:37:18 UTC 2022
Failure pred model 1, started at Tue Jun 28 00:30:02 UTC 2022
Failure pred model 1, ended at Tue Jun 28 00:38:17 UTC 2022
Failure pred model 1, started at Wed Jun 29 00:30:01 UTC 2022
Failure pred model 1, ended at Wed Jun 29 03:26:12 UTC 2022
Failure pred model 1, started at Thu Jun 30 00:30:01 UTC 2022
Failure pred model 1, ended at Thu Jun 30 00:37:20 UTC 2022
Failure pred model 1, started at Fri Jul  1 00:30:01 UTC 2022
Failure pred model 1, ended at Fri Jul  1 00:37:12 UTC 2022
Failure pred model 1, started at Sat Jul  2 00:30:01 UTC 2022
Failure pred model 1, ended at Sat Jul  2 00:37:06 UTC 2022
Failure pred model 1, started at Sun Jul  3 00:30:01 UTC 2022
Failure pred model 1, ended at Sun Jul  3 00:36:59 UTC 2022
Failure pred model 1, started at Mon Jul  4 00:30:01 UTC 2022
Failure pred model 1, ended at Mon Jul  4 00:36:47 UTC 2022
Failure pred model 1, started at Tue Jul  5 00:30:01 UTC 2022
Failure pred model 1, ended at Tue Jul  5 00:36:47 UTC 2022
Failure pred model 1, started at Wed Jul  6 00:30:01 UTC 2022
Failure pred model 1, ended at Wed Jul  6 00:37:11 UTC 2022
Failure pred model 1, started at Thu Jul  7 00:30:01 UTC 2022
Failure pred model 1, ended at Thu Jul  7 00:37:14 UTC 2022
Failure pred model 1, started at Fri Jul  8 00:30:01 UTC 2022
Failure pred model 1, ended at Fri Jul  8 00:37:18 UTC 2022
Failure pred model 1, started at Sat Jul  9 00:30:01 UTC 2022
Failure pred model 1, ended at Sat Jul  9 00:37:17 UTC 2022
Failure pred model 1, started at Sun Jul 10 00:30:01 UTC 2022
Failure pred model 1, ended at Sun Jul 10 00:36:56 UTC 2022
Failure pred model 1, started at Mon Jul 11 00:30:01 UTC 2022
Failure pred model 1, ended at Mon Jul 11 00:37:08 UTC 2022
Failure pred model 1, started at Tue Jul 12 00:30:01 UTC 2022
Failure pred model 1, ended at Tue Jul 12 00:37:09 UTC 2022
Failure pred model 1, started at Wed Jul 13 00:30:01 UTC 2022
Failure pred model 1, ended at Wed Jul 13 00:37:29 UTC 2022
Failure pred model 1, started at Thu Jul 14 00:30:01 UTC 2022
Failure pred model 1, ended at Thu Jul 14 00:37:17 UTC 2022
Failure pred model 1, started at Fri Jul 15 00:30:01 UTC 2022
Failure pred model 1, ended at Fri Jul 15 00:37:07 UTC 2022
Failure pred model 1, started at Sat Jul 16 00:30:01 UTC 2022
Failure pred model 1, ended at Sat Jul 16 00:37:11 UTC 2022
Failure pred model 1, started at Sun Jul 17 00:30:01 UTC 2022
Failure pred model 1, ended at Sun Jul 17 00:37:04 UTC 2022
Failure pred model 1, started at Mon Jul 18 00:30:01 UTC 2022
Failure pred model 1, ended at Mon Jul 18 00:36:58 UTC 2022
Failure pred model 1, started at Tue Jul 19 00:30:01 UTC 2022
Failure pred model 1, ended at Tue Jul 19 00:37:20 UTC 2022
Failure pred model 1, started at Wed Jul 20 00:30:01 UTC 2022
Failure pred model 1, ended at Wed Jul 20 00:37:28 UTC 2022
Failure pred model 1, started at Thu Jul 21 00:30:01 UTC 2022
Failure pred model 1, ended at Thu Jul 21 00:38:00 UTC 2022
Failure pred model 1, started at Fri Jul 22 00:30:01 UTC 2022
Failure pred model 1, ended at Fri Jul 22 00:37:17 UTC 2022
Failure pred model 1, started at Sat Jul 23 00:30:01 UTC 2022
Failure pred model 1, ended at Sat Jul 23 00:38:07 UTC 2022
Failure pred model 1, started at Sun Jul 24 00:30:01 UTC 2022
Failure pred model 1, ended at Sun Jul 24 00:37:55 UTC 2022
Failure pred model 1, started at Mon Jul 25 00:30:02 UTC 2022
Failure pred model 1, ended at Mon Jul 25 00:38:16 UTC 2022
Failure pred model 1, started at Tue Jul 26 00:30:01 UTC 2022
Failure pred model 1, ended at Tue Jul 26 00:37:29 UTC 2022
Failure pred model 1, started at Wed Jul 27 00:30:01 UTC 2022
Failure pred model 1, ended at Wed Jul 27 00:37:26 UTC 2022
Failure pred model 1, started at Thu Jul 28 00:30:01 UTC 2022
Failure pred model 1, ended at Thu Jul 28 00:37:28 UTC 2022
Failure pred model 1, started at Fri Jul 29 00:30:01 UTC 2022
Failure pred model 1, ended at Fri Jul 29 00:36:23 UTC 2022
Failure pred model 1, started at Sat Jul 30 00:30:01 UTC 2022
Failure pred model 1, ended at Sat Jul 30 00:35:52 UTC 2022
Failure pred model 1, started at Sun Jul 31 00:30:01 UTC 2022
Failure pred model 1, ended at Sun Jul 31 00:37:30 UTC 2022
Failure pred model 1, started at Mon Aug  1 00:30:01 UTC 2022
Failure pred model 1, ended at Mon Aug  1 00:36:55 UTC 2022
Failure pred model 1, started at Tue Aug  2 00:30:01 UTC 2022
Failure pred model 1, ended at Tue Aug  2 00:37:37 UTC 2022
Failure pred model 1, started at Wed Aug  3 00:30:02 UTC 2022
Failure pred model 1, ended at Wed Aug  3 00:37:13 UTC 2022
Failure pred model 1, started at Thu Aug  4 00:30:01 UTC 2022
Failure pred model 1, ended at Thu Aug  4 00:37:33 UTC 2022
Failure pred model 1, started at Fri Aug  5 00:30:01 UTC 2022
Failure pred model 1, ended at Fri Aug  5 00:37:16 UTC 2022
Failure pred model 1, started at Sat Aug  6 00:30:01 UTC 2022
Failure pred model 1, ended at Sat Aug  6 00:37:22 UTC 2022
Failure pred model 1, started at Sun Aug  7 00:30:02 UTC 2022
Failure pred model 1, ended at Sun Aug  7 00:36:45 UTC 2022
Failure pred model 1, started at Mon Aug  8 00:30:01 UTC 2022
Failure pred model 1, ended at Mon Aug  8 00:36:53 UTC 2022
Failure pred model 1, started at Tue Aug  9 00:30:01 UTC 2022
Failure pred model 1, ended at Tue Aug  9 00:37:29 UTC 2022
Failure pred model 1, started at Wed Aug 10 00:30:01 UTC 2022
Failure pred model 1, ended at Wed Aug 10 00:36:57 UTC 2022
Failure pred model 1, started at Thu Aug 11 00:30:01 UTC 2022
Failure pred model 1, ended at Thu Aug 11 00:37:06 UTC 2022
Failure pred model 1, started at Fri Aug 12 00:30:01 UTC 2022
Failure pred model 1, ended at Fri Aug 12 00:36:12 UTC 2022
Failure pred model 1, started at Sat Aug 13 00:30:01 UTC 2022
Failure pred model 1, ended at Sat Aug 13 00:37:24 UTC 2022
Failure pred model 1, started at Sun Aug 14 00:30:02 UTC 2022
Failure pred model 1, ended at Sun Aug 14 00:37:06 UTC 2022
Failure pred model 1, started at Mon Aug 15 00:30:01 UTC 2022
Failure pred model 1, ended at Mon Aug 15 00:37:09 UTC 2022
Failure pred model 1, started at Tue Aug 16 00:30:01 UTC 2022
Failure pred model 1, ended at Tue Aug 16 00:36:57 UTC 2022
Failure pred model 1, started at Wed Aug 17 00:30:01 UTC 2022
Failure pred model 1, ended at Wed Aug 17 00:37:00 UTC 2022
Failure pred model 1, started at Thu Aug 18 00:30:01 UTC 2022
Failure pred model 1, ended at Thu Aug 18 00:37:54 UTC 2022
Failure pred model 1, started at Fri Aug 19 00:30:01 UTC 2022
Failure pred model 1, ended at Fri Aug 19 00:39:23 UTC 2022
Failure pred model 1, started at Sat Aug 20 00:30:01 UTC 2022
Failure pred model 1, ended at Sat Aug 20 00:37:35 UTC 2022
Failure pred model 1, started at Sun Aug 21 00:30:01 UTC 2022
Failure pred model 1, ended at Sun Aug 21 00:40:56 UTC 2022
Failure pred model 1, started at Mon Aug 22 00:30:01 UTC 2022
Failure pred model 1, ended at Mon Aug 22 00:37:55 UTC 2022
Failure pred model 1, started at Tue Aug 23 00:30:01 UTC 2022
Failure pred model 1, ended at Tue Aug 23 00:36:27 UTC 2022
Failure pred model 1, started at Wed Aug 24 00:30:01 UTC 2022
Failure pred model 1, ended at Wed Aug 24 00:37:44 UTC 2022
Failure pred model 1, started at Thu Aug 25 00:30:01 UTC 2022
Failure pred model 1, ended at Thu Aug 25 00:38:05 UTC 2022
Failure pred model 1, started at Fri Aug 26 00:30:01 UTC 2022
Failure pred model 1, ended at Fri Aug 26 00:39:40 UTC 2022
Failure pred model 1, started at Sat Aug 27 00:30:01 UTC 2022
Failure pred model 1, ended at Sat Aug 27 00:38:56 UTC 2022
Failure pred model 1, started at Sun Aug 28 00:30:01 UTC 2022
Failure pred model 1, ended at Sun Aug 28 00:41:13 UTC 2022
Failure pred model 1, started at Mon Aug 29 00:30:01 UTC 2022
Failure pred model 1, ended at Mon Aug 29 00:37:54 UTC 2022
Failure pred model 1, started at Tue Aug 30 00:30:01 UTC 2022
Failure pred model 1, ended at Tue Aug 30 00:36:11 UTC 2022
Failure pred model 1, started at Wed Aug 31 00:30:01 UTC 2022
Failure pred model 1, ended at Wed Aug 31 00:34:36 UTC 2022
Failure pred model 1, started at Thu Sep  1 00:30:01 UTC 2022
Failure pred model 1, ended at Thu Sep  1 00:37:26 UTC 2022
Failure pred model 1, started at Fri Sep  2 00:30:01 UTC 2022
Failure pred model 1, ended at Fri Sep  2 00:37:14 UTC 2022
Failure pred model 1, started at Sat Sep  3 00:30:01 UTC 2022
Failure pred model 1, ended at Sat Sep  3 00:36:56 UTC 2022
Failure pred model 1, started at Sun Sep  4 00:30:01 UTC 2022
Failure pred model 1, ended at Sun Sep  4 00:36:46 UTC 2022
Failure pred model 1, started at Mon Sep  5 00:30:01 UTC 2022
Failure pred model 1, ended at Mon Sep  5 00:36:48 UTC 2022
Failure pred model 1, started at Tue Sep  6 00:30:01 UTC 2022
Failure pred model 1, ended at Tue Sep  6 00:36:42 UTC 2022
Failure pred model 1, started at Wed Sep  7 00:30:01 UTC 2022
Failure pred model 1, ended at Wed Sep  7 00:37:06 UTC 2022
Failure pred model 1, started at Thu Sep  8 00:30:01 UTC 2022
Failure pred model 1, ended at Thu Sep  8 00:36:42 UTC 2022
Failure pred model 1, started at Fri Sep  9 00:30:01 UTC 2022
Failure pred model 1, ended at Fri Sep  9 00:36:52 UTC 2022
Failure pred model 1, started at Sat Sep 10 00:30:01 UTC 2022
Failure pred model 1, ended at Sat Sep 10 00:36:45 UTC 2022
Failure pred model 1, started at Sun Sep 11 00:30:01 UTC 2022
Failure pred model 1, ended at Sun Sep 11 00:36:41 UTC 2022
Failure pred model 1, started at Mon Sep 12 00:30:01 UTC 2022
Failure pred model 1, ended at Mon Sep 12 00:36:47 UTC 2022
Failure pred model 1, started at Tue Sep 13 00:30:01 UTC 2022
Failure pred model 1, ended at Tue Sep 13 00:36:55 UTC 2022
Failure pred model 1, started at Wed Sep 14 00:30:01 UTC 2022
Failure pred model 1, ended at Wed Sep 14 00:36:44 UTC 2022
Failure pred model 1, started at Thu Sep 15 00:30:01 UTC 2022
Failure pred model 1, ended at Thu Sep 15 00:36:35 UTC 2022
Failure pred model 1, started at Sat Sep 17 00:30:01 UTC 2022
Failure pred model 1, ended at Sat Sep 17 00:36:39 UTC 2022
Failure pred model 1, started at Sun Sep 18 00:30:01 UTC 2022
Failure pred model 1, ended at Sun Sep 18 00:36:09 UTC 2022
Failure pred model 1, started at Mon Sep 19 00:30:01 UTC 2022
Failure pred model 1, ended at Mon Sep 19 00:36:00 UTC 2022
Failure pred model 1, started at Thu Sep 22 00:30:02 UTC 2022
Failure pred model 1, ended at Thu Sep 22 00:34:30 UTC 2022
Failure pred model 1, started at Fri Sep 23 00:30:01 UTC 2022
Failure pred model 1, ended at Fri Sep 23 00:35:49 UTC 2022
Failure pred model 1, started at Sat Sep 24 00:30:01 UTC 2022
Failure pred model 1, ended at Sat Sep 24 00:35:46 UTC 2022
Failure pred model 1, started at Sun Sep 25 00:30:01 UTC 2022
Failure pred model 1, ended at Sun Sep 25 00:35:33 UTC 2022
Failure pred model 1, started at Mon Sep 26 00:30:01 UTC 2022
Failure pred model 1, ended at Mon Sep 26 00:36:18 UTC 2022
Failure pred model 1, started at Tue Sep 27 00:30:01 UTC 2022
Failure pred model 1, ended at Tue Sep 27 00:32:21 UTC 2022
Failure pred model 1, started at Wed Sep 28 00:30:01 UTC 2022
Failure pred model 1, ended at Wed Sep 28 00:32:20 UTC 2022
Failure pred model 1, started at Thu Sep 29 00:30:01 UTC 2022
Failure pred model 1, ended at Thu Sep 29 00:32:25 UTC 2022
Failure pred model 1, started at Fri Sep 30 00:30:01 UTC 2022
Failure pred model 1, ended at Fri Sep 30 00:30:08 UTC 2022
Failure pred model 1, started at Sat Oct  1 00:30:01 UTC 2022
Failure pred model 1, ended at Sat Oct  1 00:30:08 UTC 2022
Failure pred model 1, started at Sun Oct  2 00:30:01 UTC 2022
Failure pred model 1, ended at Sun Oct  2 00:30:09 UTC 2022
Failure pred model 1, started at Mon Oct  3 00:30:01 UTC 2022
Failure pred model 1, ended at Mon Oct  3 00:30:09 UTC 2022
Failure pred model 1, started at Tue Oct  4 00:30:01 UTC 2022
Failure pred model 1, ended at Tue Oct  4 00:30:09 UTC 2022
Failure pred model 1, started at Wed Oct  5 00:30:01 UTC 2022
Failure pred model 1, ended at Wed Oct  5 00:30:08 UTC 2022
Failure pred model 1, started at Thu Oct  6 00:30:01 UTC 2022
Failure pred model 1, ended at Thu Oct  6 00:30:08 UTC 2022
Failure pred model 1, started at Fri Oct  7 00:30:01 UTC 2022
Failure pred model 1, ended at Fri Oct  7 00:30:09 UTC 2022
Failure pred model 1, started at Sat Oct  8 00:30:01 UTC 2022
Failure pred model 1, ended at Sat Oct  8 00:30:08 UTC 2022
Failure pred model 1, started at Sun Oct  9 00:30:01 UTC 2022
Failure pred model 1, ended at Sun Oct  9 00:30:08 UTC 2022
Failure pred model 1, started at Mon Oct 10 00:30:01 UTC 2022
Failure pred model 1, ended at Mon Oct 10 00:30:07 UTC 2022
Failure pred model 1, started at Tue Oct 11 00:30:01 UTC 2022
Failure pred model 1, ended at Tue Oct 11 00:30:09 UTC 2022
Failure pred model 1, started at Wed Oct 12 00:30:01 UTC 2022
Failure pred model 1, ended at Wed Oct 12 00:30:10 UTC 2022
Failure pred model 1, started at Thu Oct 13 00:30:01 UTC 2022
Failure pred model 1, ended at Thu Oct 13 00:30:10 UTC 2022
Failure pred model 1, started at Fri Oct 14 00:30:01 UTC 2022
Failure pred model 1, ended at Fri Oct 14 00:30:11 UTC 2022
Failure pred model 1, started at Sat Oct 15 00:30:01 UTC 2022
Failure pred model 1, ended at Sat Oct 15 00:30:10 UTC 2022
Failure pred model 1, started at Sun Oct 16 00:30:01 UTC 2022
Failure pred model 1, ended at Sun Oct 16 00:30:11 UTC 2022
Failure pred model 1, started at Mon Oct 17 00:30:01 UTC 2022
Failure pred model 1, ended at Mon Oct 17 00:30:10 UTC 2022
Failure pred model 1, started at Tue Oct 18 00:30:01 UTC 2022
Failure pred model 1, ended at Tue Oct 18 00:30:10 UTC 2022
Failure pred model 1, started at Wed Oct 19 00:30:01 UTC 2022
Failure pred model 1, ended at Wed Oct 19 00:30:11 UTC 2022
Failure pred model 1, started at Thu Oct 20 00:30:02 UTC 2022
Failure pred model 1, ended at Thu Oct 20 00:30:11 UTC 2022
Failure pred model 1, started at Fri Oct 21 00:30:01 UTC 2022
Failure pred model 1, ended at Fri Oct 21 00:30:10 UTC 2022
Failure pred model 1, started at Sat Oct 22 00:30:01 UTC 2022
Failure pred model 1, ended at Sat Oct 22 00:30:10 UTC 2022
Failure pred model 1, started at Sun Oct 23 00:30:01 UTC 2022
Failure pred model 1, ended at Sun Oct 23 00:30:09 UTC 2022
Failure pred model 1, started at Mon Oct 24 00:30:01 UTC 2022
Failure pred model 1, ended at Mon Oct 24 00:30:09 UTC 2022
Failure pred model 1, started at Tue Oct 25 00:30:01 UTC 2022
Failure pred model 1, ended at Tue Oct 25 00:30:10 UTC 2022
Failure pred model 1, started at Wed Oct 26 00:30:01 UTC 2022
Failure pred model 1, ended at Wed Oct 26 00:30:09 UTC 2022
Failure pred model 1, started at Thu Oct 27 00:30:01 UTC 2022
Failure pred model 1, ended at Thu Oct 27 00:30:09 UTC 2022
Failure pred model 1, started at Fri Oct 28 00:30:01 UTC 2022
Failure pred model 1, ended at Fri Oct 28 00:30:09 UTC 2022
Failure pred model 1, started at Sat Oct 29 00:30:01 UTC 2022
Failure pred model 1, ended at Sat Oct 29 00:30:10 UTC 2022
Failure pred model 1, started at Sun Oct 30 00:30:01 UTC 2022
Failure pred model 1, ended at Sun Oct 30 00:30:09 UTC 2022
Failure pred model 1, started at Mon Oct 31 00:30:01 UTC 2022
Failure pred model 1, ended at Mon Oct 31 00:30:09 UTC 2022
Failure pred model 1, started at Tue Nov  1 00:30:01 UTC 2022
Failure pred model 1, ended at Tue Nov  1 00:30:11 UTC 2022
Failure pred model 1, started at Wed Nov  2 00:30:01 UTC 2022
Failure pred model 1, ended at Wed Nov  2 00:30:10 UTC 2022
Failure pred model 1, started at Thu Nov  3 00:30:01 UTC 2022
Failure pred model 1, ended at Thu Nov  3 00:30:10 UTC 2022
Failure pred model 1, started at Fri Nov  4 00:30:01 UTC 2022
Failure pred model 1, ended at Fri Nov  4 00:30:09 UTC 2022
Failure pred model 1, started at Sat Nov  5 00:30:01 UTC 2022
Failure pred model 1, ended at Sat Nov  5 00:30:09 UTC 2022
Failure pred model 1, started at Sun Nov  6 00:30:01 UTC 2022
Failure pred model 1, ended at Sun Nov  6 00:30:10 UTC 2022
Failure pred model 1, started at Mon Nov  7 00:30:01 UTC 2022
Failure pred model 1, ended at Mon Nov  7 00:30:10 UTC 2022
Failure pred model 1, started at Tue Nov  8 00:30:01 UTC 2022
Failure pred model 1, ended at Tue Nov  8 00:30:11 UTC 2022
Failure pred model 1, started at Wed Nov  9 00:30:01 UTC 2022
Failure pred model 1, ended at Wed Nov  9 00:30:11 UTC 2022
Failure pred model 1, started at Thu Nov 10 00:30:01 UTC 2022
Failure pred model 1, ended at Thu Nov 10 00:30:10 UTC 2022
Failure pred model 1, started at Fri Nov 11 00:30:01 UTC 2022
Failure pred model 1, ended at Fri Nov 11 00:30:10 UTC 2022
Failure pred model 1, started at Sat Nov 12 00:30:01 UTC 2022
Failure pred model 1, ended at Sat Nov 12 00:30:10 UTC 2022
Failure pred model 1, started at Sun Nov 13 00:30:01 UTC 2022
Failure pred model 1, ended at Sun Nov 13 00:30:10 UTC 2022
Failure pred model 1, started at Mon Nov 14 00:30:02 UTC 2022
Failure pred model 1, ended at Mon Nov 14 00:30:11 UTC 2022
Failure pred model 1, started at Tue Nov 15 00:30:01 UTC 2022
Failure pred model 1, ended at Tue Nov 15 00:30:11 UTC 2022
Failure pred model 1, started at Wed Nov 16 00:30:01 UTC 2022
Failure pred model 1, ended at Wed Nov 16 00:30:10 UTC 2022
Failure pred model 1, started at Thu Nov 17 00:30:02 UTC 2022
Failure pred model 1, ended at Thu Nov 17 00:30:12 UTC 2022
Failure pred model 1, started at Fri Nov 18 00:30:01 UTC 2022
Failure pred model 1, ended at Fri Nov 18 00:30:11 UTC 2022
